{"/home/vitalpointai/projects/near-login-with-staking/src/hooks/useMultiChainAuth.ts": {"path":"/home/vitalpointai/projects/near-login-with-staking/src/hooks/useMultiChainAuth.ts","statementMap":{"0":{"start":{"line":54,"column":0},"end":{"line":54,"column":16}},"1":{"start":{"line":260,"column":0},"end":{"line":260,"column":16}},"2":{"start":{"line":1,"column":0},"end":{"line":1,"column":66}},"3":{"start":{"line":12,"column":0},"end":{"line":12,"column":66}},"4":{"start":{"line":62,"column":28},"end":{"line":68,"column":4}},"5":{"start":{"line":70,"column":28},"end":{"line":70,"column":70}},"6":{"start":{"line":73,"column":22},"end":{"line":99,"column":51}},"7":{"start":{"line":74,"column":26},"end":{"line":76,"column":5}},"8":{"start":{"line":75,"column":6},"end":{"line":75,"column":25}},"9":{"start":{"line":78,"column":20},"end":{"line":90,"column":5}},"10":{"start":{"line":79,"column":6},"end":{"line":79,"column":26}},"11":{"start":{"line":81,"column":6},"end":{"line":89,"column":7}},"12":{"start":{"line":83,"column":8},"end":{"line":88,"column":9}},"13":{"start":{"line":84,"column":10},"end":{"line":87,"column":13}},"14":{"start":{"line":92,"column":4},"end":{"line":98,"column":6}},"15":{"start":{"line":102,"column":2},"end":{"line":106,"column":61}},"16":{"start":{"line":103,"column":4},"end":{"line":105,"column":5}},"17":{"start":{"line":104,"column":6},"end":{"line":104,"column":19}},"18":{"start":{"line":109,"column":21},"end":{"line":116,"column":19}},"19":{"start":{"line":109,"column":44},"end":{"line":116,"column":5}},"20":{"start":{"line":110,"column":4},"end":{"line":115,"column":5}},"21":{"start":{"line":111,"column":6},"end":{"line":111,"column":21}},"22":{"start":{"line":112,"column":6},"end":{"line":112,"column":37}},"23":{"start":{"line":114,"column":6},"end":{"line":114,"column":67}},"24":{"start":{"line":119,"column":23},"end":{"line":127,"column":19}},"25":{"start":{"line":119,"column":88},"end":{"line":127,"column":5}},"26":{"start":{"line":120,"column":4},"end":{"line":126,"column":5}},"27":{"start":{"line":121,"column":6},"end":{"line":121,"column":21}},"28":{"start":{"line":122,"column":6},"end":{"line":122,"column":63}},"29":{"start":{"line":124,"column":6},"end":{"line":124,"column":59}},"30":{"start":{"line":125,"column":6},"end":{"line":125,"column":16}},"31":{"start":{"line":130,"column":32},"end":{"line":138,"column":19}},"32":{"start":{"line":130,"column":79},"end":{"line":138,"column":5}},"33":{"start":{"line":131,"column":4},"end":{"line":137,"column":5}},"34":{"start":{"line":132,"column":6},"end":{"line":132,"column":21}},"35":{"start":{"line":133,"column":6},"end":{"line":133,"column":61}},"36":{"start":{"line":135,"column":6},"end":{"line":135,"column":66}},"37":{"start":{"line":136,"column":6},"end":{"line":136,"column":16}},"38":{"start":{"line":141,"column":28},"end":{"line":156,"column":19}},"39":{"start":{"line":142,"column":4},"end":{"line":155,"column":5}},"40":{"start":{"line":143,"column":6},"end":{"line":143,"column":21}},"41":{"start":{"line":144,"column":6},"end":{"line":144,"column":43}},"42":{"start":{"line":146,"column":6},"end":{"line":146,"column":58}},"43":{"start":{"line":147,"column":6},"end":{"line":154,"column":7}},"44":{"start":{"line":148,"column":8},"end":{"line":153,"column":11}},"45":{"start":{"line":159,"column":26},"end":{"line":167,"column":19}},"46":{"start":{"line":159,"column":88},"end":{"line":167,"column":5}},"47":{"start":{"line":160,"column":4},"end":{"line":166,"column":5}},"48":{"start":{"line":161,"column":6},"end":{"line":161,"column":21}},"49":{"start":{"line":162,"column":6},"end":{"line":162,"column":67}},"50":{"start":{"line":164,"column":6},"end":{"line":164,"column":65}},"51":{"start":{"line":165,"column":6},"end":{"line":165,"column":16}},"52":{"start":{"line":170,"column":35},"end":{"line":178,"column":19}},"53":{"start":{"line":170,"column":100},"end":{"line":178,"column":5}},"54":{"start":{"line":171,"column":4},"end":{"line":177,"column":5}},"55":{"start":{"line":172,"column":6},"end":{"line":172,"column":21}},"56":{"start":{"line":173,"column":6},"end":{"line":173,"column":77}},"57":{"start":{"line":175,"column":6},"end":{"line":175,"column":67}},"58":{"start":{"line":176,"column":6},"end":{"line":176,"column":16}},"59":{"start":{"line":181,"column":26},"end":{"line":183,"column":42}},"60":{"start":{"line":182,"column":4},"end":{"line":182,"column":46}},"61":{"start":{"line":186,"column":28},"end":{"line":188,"column":37}},"62":{"start":{"line":187,"column":4},"end":{"line":187,"column":48}},"63":{"start":{"line":191,"column":31},"end":{"line":193,"column":37}},"64":{"start":{"line":192,"column":4},"end":{"line":192,"column":51}},"65":{"start":{"line":196,"column":17},"end":{"line":203,"column":19}},"66":{"start":{"line":196,"column":40},"end":{"line":203,"column":5}},"67":{"start":{"line":197,"column":4},"end":{"line":202,"column":5}},"68":{"start":{"line":198,"column":6},"end":{"line":198,"column":21}},"69":{"start":{"line":199,"column":6},"end":{"line":199,"column":33}},"70":{"start":{"line":201,"column":6},"end":{"line":201,"column":46}},"71":{"start":{"line":206,"column":21},"end":{"line":208,"column":8}},"72":{"start":{"line":207,"column":4},"end":{"line":207,"column":19}},"73":{"start":{"line":211,"column":26},"end":{"line":215,"column":29}},"74":{"start":{"line":212,"column":4},"end":{"line":214,"column":49}},"75":{"start":{"line":213,"column":31},"end":{"line":213,"column":47}},"76":{"start":{"line":214,"column":24},"end":{"line":214,"column":47}},"77":{"start":{"line":217,"column":26},"end":{"line":219,"column":37}},"78":{"start":{"line":218,"column":4},"end":{"line":218,"column":41}},"79":{"start":{"line":222,"column":2},"end":{"line":228,"column":28}},"80":{"start":{"line":223,"column":4},"end":{"line":227,"column":5}},"81":{"start":{"line":224,"column":6},"end":{"line":226,"column":7}},"82":{"start":{"line":225,"column":8},"end":{"line":225,"column":41}},"83":{"start":{"line":230,"column":2},"end":{"line":254,"column":4}},"84":{"start":{"line":277,"column":26},"end":{"line":277,"column":85}},"85":{"start":{"line":278,"column":20},"end":{"line":278,"column":49}},"86":{"start":{"line":279,"column":21},"end":{"line":279,"column":108}},"87":{"start":{"line":281,"column":18},"end":{"line":289,"column":null}},"88":{"start":{"line":292,"column":17},"end":{"line":296,"column":4}},"89":{"start":{"line":298,"column":2},"end":{"line":305,"column":4}}},"fnMap":{"0":{"name":"useMultiChainAuth","decl":{"start":{"line":54,"column":16},"end":{"line":54,"column":33}},"loc":{"start":{"line":60,"column":27},"end":{"line":255,"column":1}}},"1":{"name":"(anonymous_8)","decl":{"start":{"line":73,"column":30},"end":{"line":73,"column":33}},"loc":{"start":{"line":73,"column":35},"end":{"line":99,"column":3}}},"2":{"name":"(anonymous_9)","decl":{"start":{"line":74,"column":26},"end":{"line":74,"column":27}},"loc":{"start":{"line":74,"column":60},"end":{"line":76,"column":5}}},"3":{"name":"(anonymous_10)","decl":{"start":{"line":78,"column":20},"end":{"line":78,"column":21}},"loc":{"start":{"line":78,"column":55},"end":{"line":90,"column":5}}},"4":{"name":"(anonymous_11)","decl":{"start":{"line":102,"column":12},"end":{"line":102,"column":15}},"loc":{"start":{"line":102,"column":17},"end":{"line":106,"column":3}}},"5":{"name":"(anonymous_12)","decl":{"start":{"line":109,"column":33},"end":{"line":109,"column":42}},"loc":{"start":{"line":109,"column":44},"end":{"line":116,"column":5}}},"6":{"name":"(anonymous_13)","decl":{"start":{"line":109,"column":44},"end":{"line":109,"column":null}},"loc":{"start":{"line":109,"column":44},"end":{"line":116,"column":3}}},"7":{"name":"(anonymous_14)","decl":{"start":{"line":119,"column":35},"end":{"line":119,"column":42}},"loc":{"start":{"line":119,"column":88},"end":{"line":127,"column":5}}},"8":{"name":"(anonymous_15)","decl":{"start":{"line":119,"column":88},"end":{"line":119,"column":null}},"loc":{"start":{"line":119,"column":88},"end":{"line":127,"column":3}}},"9":{"name":"(anonymous_16)","decl":{"start":{"line":130,"column":44},"end":{"line":130,"column":51}},"loc":{"start":{"line":130,"column":79},"end":{"line":138,"column":5}}},"10":{"name":"(anonymous_17)","decl":{"start":{"line":130,"column":79},"end":{"line":130,"column":null}},"loc":{"start":{"line":130,"column":79},"end":{"line":138,"column":3}}},"11":{"name":"(anonymous_18)","decl":{"start":{"line":141,"column":40},"end":{"line":141,"column":41}},"loc":{"start":{"line":141,"column":66},"end":{"line":156,"column":3}}},"12":{"name":"(anonymous_19)","decl":{"start":{"line":159,"column":38},"end":{"line":159,"column":45}},"loc":{"start":{"line":159,"column":88},"end":{"line":167,"column":5}}},"13":{"name":"(anonymous_20)","decl":{"start":{"line":159,"column":88},"end":{"line":159,"column":null}},"loc":{"start":{"line":159,"column":88},"end":{"line":167,"column":3}}},"14":{"name":"(anonymous_21)","decl":{"start":{"line":170,"column":47},"end":{"line":170,"column":54}},"loc":{"start":{"line":170,"column":100},"end":{"line":178,"column":5}}},"15":{"name":"(anonymous_22)","decl":{"start":{"line":170,"column":100},"end":{"line":170,"column":null}},"loc":{"start":{"line":170,"column":100},"end":{"line":178,"column":3}}},"16":{"name":"(anonymous_23)","decl":{"start":{"line":181,"column":38},"end":{"line":181,"column":39}},"loc":{"start":{"line":181,"column":64},"end":{"line":183,"column":3}}},"17":{"name":"(anonymous_24)","decl":{"start":{"line":186,"column":40},"end":{"line":186,"column":41}},"loc":{"start":{"line":186,"column":66},"end":{"line":188,"column":3}}},"18":{"name":"(anonymous_25)","decl":{"start":{"line":191,"column":43},"end":{"line":191,"column":44}},"loc":{"start":{"line":191,"column":69},"end":{"line":193,"column":3}}},"19":{"name":"(anonymous_26)","decl":{"start":{"line":196,"column":29},"end":{"line":196,"column":38}},"loc":{"start":{"line":196,"column":40},"end":{"line":203,"column":5}}},"20":{"name":"(anonymous_27)","decl":{"start":{"line":196,"column":40},"end":{"line":196,"column":null}},"loc":{"start":{"line":196,"column":40},"end":{"line":203,"column":3}}},"21":{"name":"(anonymous_28)","decl":{"start":{"line":206,"column":33},"end":{"line":206,"column":36}},"loc":{"start":{"line":206,"column":38},"end":{"line":208,"column":3}}},"22":{"name":"(anonymous_29)","decl":{"start":{"line":211,"column":34},"end":{"line":211,"column":37}},"loc":{"start":{"line":211,"column":39},"end":{"line":215,"column":3}}},"23":{"name":"(anonymous_30)","decl":{"start":{"line":213,"column":14},"end":{"line":213,"column":15}},"loc":{"start":{"line":213,"column":31},"end":{"line":213,"column":47}}},"24":{"name":"(anonymous_31)","decl":{"start":{"line":214,"column":11},"end":{"line":214,"column":12}},"loc":{"start":{"line":214,"column":24},"end":{"line":214,"column":47}}},"25":{"name":"(anonymous_32)","decl":{"start":{"line":217,"column":34},"end":{"line":217,"column":37}},"loc":{"start":{"line":217,"column":39},"end":{"line":219,"column":3}}},"26":{"name":"(anonymous_33)","decl":{"start":{"line":222,"column":12},"end":{"line":222,"column":15}},"loc":{"start":{"line":222,"column":17},"end":{"line":228,"column":3}}},"27":{"name":"useSimpleMultiChainAuth","decl":{"start":{"line":260,"column":16},"end":{"line":260,"column":39}},"loc":{"start":{"line":267,"column":26},"end":{"line":306,"column":1}}}},"branchMap":{"0":{"loc":{"start":{"line":58,"column":2},"end":{"line":58,"column":20}},"type":"default-arg","locations":[{"start":{"line":58,"column":16},"end":{"line":58,"column":20}}]},"1":{"loc":{"start":{"line":59,"column":2},"end":{"line":59,"column":28}},"type":"default-arg","locations":[{"start":{"line":59,"column":24},"end":{"line":59,"column":28}}]},"2":{"loc":{"start":{"line":81,"column":6},"end":{"line":89,"column":7}},"type":"if","locations":[{"start":{"line":81,"column":6},"end":{"line":89,"column":7}},{"start":{},"end":{}}]},"3":{"loc":{"start":{"line":81,"column":10},"end":{"line":81,"column":62}},"type":"binary-expr","locations":[{"start":{"line":81,"column":10},"end":{"line":81,"column":29}},{"start":{"line":81,"column":33},"end":{"line":81,"column":62}}]},"4":{"loc":{"start":{"line":83,"column":8},"end":{"line":88,"column":9}},"type":"if","locations":[{"start":{"line":83,"column":8},"end":{"line":88,"column":9}},{"start":{},"end":{}}]},"5":{"loc":{"start":{"line":83,"column":12},"end":{"line":83,"column":77}},"type":"binary-expr","locations":[{"start":{"line":83,"column":12},"end":{"line":83,"column":36}},{"start":{"line":83,"column":40},"end":{"line":83,"column":77}}]},"6":{"loc":{"start":{"line":103,"column":4},"end":{"line":105,"column":5}},"type":"if","locations":[{"start":{"line":103,"column":4},"end":{"line":105,"column":5}},{"start":{},"end":{}}]},"7":{"loc":{"start":{"line":103,"column":8},"end":{"line":103,"column":66}},"type":"binary-expr","locations":[{"start":{"line":103,"column":8},"end":{"line":103,"column":19}},{"start":{"line":103,"column":23},"end":{"line":103,"column":43}},{"start":{"line":103,"column":47},"end":{"line":103,"column":66}}]},"8":{"loc":{"start":{"line":147,"column":6},"end":{"line":154,"column":7}},"type":"if","locations":[{"start":{"line":147,"column":6},"end":{"line":154,"column":7}},{"start":{},"end":{}}]},"9":{"loc":{"start":{"line":223,"column":4},"end":{"line":227,"column":5}},"type":"if","locations":[{"start":{"line":223,"column":4},"end":{"line":227,"column":5}},{"start":{},"end":{}}]},"10":{"loc":{"start":{"line":223,"column":8},"end":{"line":223,"column":88}},"type":"binary-expr","locations":[{"start":{"line":223,"column":8},"end":{"line":223,"column":27}},{"start":{"line":223,"column":31},"end":{"line":223,"column":60}},{"start":{"line":223,"column":64},"end":{"line":223,"column":88}}]},"11":{"loc":{"start":{"line":224,"column":6},"end":{"line":226,"column":7}},"type":"if","locations":[{"start":{"line":224,"column":6},"end":{"line":226,"column":7}},{"start":{},"end":{}}]},"12":{"loc":{"start":{"line":277,"column":26},"end":{"line":277,"column":85}},"type":"binary-expr","locations":[{"start":{"line":277,"column":26},"end":{"line":277,"column":48}},{"start":{"line":277,"column":52},"end":{"line":277,"column":85}}]},"13":{"loc":{"start":{"line":278,"column":20},"end":{"line":278,"column":49}},"type":"binary-expr","locations":[{"start":{"line":278,"column":20},"end":{"line":278,"column":36}},{"start":{"line":278,"column":40},"end":{"line":278,"column":49}}]},"14":{"loc":{"start":{"line":279,"column":21},"end":{"line":279,"column":108}},"type":"binary-expr","locations":[{"start":{"line":279,"column":21},"end":{"line":279,"column":38}},{"start":{"line":279,"column":43},"end":{"line":279,"column":107}}]},"15":{"loc":{"start":{"line":279,"column":43},"end":{"line":279,"column":107}},"type":"cond-expr","locations":[{"start":{"line":279,"column":69},"end":{"line":279,"column":80}},{"start":{"line":279,"column":83},"end":{"line":279,"column":107}}]}},"s":{"0":0,"1":0,"2":0,"3":0,"4":0,"5":0,"6":0,"7":0,"8":0,"9":0,"10":0,"11":0,"12":0,"13":0,"14":0,"15":0,"16":0,"17":0,"18":0,"19":0,"20":0,"21":0,"22":0,"23":0,"24":0,"25":0,"26":0,"27":0,"28":0,"29":0,"30":0,"31":0,"32":0,"33":0,"34":0,"35":0,"36":0,"37":0,"38":0,"39":0,"40":0,"41":0,"42":0,"43":0,"44":0,"45":0,"46":0,"47":0,"48":0,"49":0,"50":0,"51":0,"52":0,"53":0,"54":0,"55":0,"56":0,"57":0,"58":0,"59":0,"60":0,"61":0,"62":0,"63":0,"64":0,"65":0,"66":0,"67":0,"68":0,"69":0,"70":0,"71":0,"72":0,"73":0,"74":0,"75":0,"76":0,"77":0,"78":0,"79":0,"80":0,"81":0,"82":0,"83":0,"84":0,"85":0,"86":0,"87":0,"88":0,"89":0},"f":{"0":0,"1":0,"2":0,"3":0,"4":0,"5":0,"6":0,"7":0,"8":0,"9":0,"10":0,"11":0,"12":0,"13":0,"14":0,"15":0,"16":0,"17":0,"18":0,"19":0,"20":0,"21":0,"22":0,"23":0,"24":0,"25":0,"26":0,"27":0},"b":{"0":[0],"1":[0],"2":[0,0],"3":[0,0],"4":[0,0],"5":[0,0],"6":[0,0],"7":[0,0,0],"8":[0,0],"9":[0,0],"10":[0,0,0],"11":[0,0],"12":[0,0],"13":[0,0],"14":[0,0],"15":[0,0]}}
,"/home/vitalpointai/projects/near-login-with-staking/src/hooks/useNEARLogin.ts": {"path":"/home/vitalpointai/projects/near-login-with-staking/src/hooks/useNEARLogin.ts","statementMap":{"0":{"start":{"line":1,"column":0},"end":{"line":1,"column":56}},"1":{"start":{"line":2,"column":0},"end":{"line":2,"column":56}},"2":{"start":{"line":5,"column":28},"end":{"line":138,"column":1}},"3":{"start":{"line":23,"column":6},"end":{"line":23,"column":31}},"4":{"start":{"line":26,"column":19},"end":{"line":26,"column":83}},"5":{"start":{"line":26,"column":33},"end":{"line":26,"column":57}},"6":{"start":{"line":29,"column":26},"end":{"line":32,"column":14}},"7":{"start":{"line":30,"column":4},"end":{"line":30,"column":30}},"8":{"start":{"line":30,"column":17},"end":{"line":30,"column":30}},"9":{"start":{"line":31,"column":4},"end":{"line":31,"column":106}},"10":{"start":{"line":35,"column":2},"end":{"line":39,"column":68}},"11":{"start":{"line":36,"column":4},"end":{"line":38,"column":5}},"12":{"start":{"line":37,"column":6},"end":{"line":37,"column":32}},"13":{"start":{"line":42,"column":23},"end":{"line":49,"column":14}},"14":{"start":{"line":42,"column":46},"end":{"line":49,"column":5}},"15":{"start":{"line":43,"column":4},"end":{"line":48,"column":5}},"16":{"start":{"line":44,"column":6},"end":{"line":44,"column":21}},"17":{"start":{"line":46,"column":6},"end":{"line":46,"column":45}},"18":{"start":{"line":47,"column":6},"end":{"line":47,"column":18}},"19":{"start":{"line":51,"column":24},"end":{"line":58,"column":15}},"20":{"start":{"line":51,"column":47},"end":{"line":58,"column":5}},"21":{"start":{"line":52,"column":4},"end":{"line":57,"column":5}},"22":{"start":{"line":53,"column":6},"end":{"line":53,"column":22}},"23":{"start":{"line":55,"column":6},"end":{"line":55,"column":46}},"24":{"start":{"line":56,"column":6},"end":{"line":56,"column":18}},"25":{"start":{"line":60,"column":22},"end":{"line":67,"column":19}},"26":{"start":{"line":60,"column":59},"end":{"line":67,"column":5}},"27":{"start":{"line":61,"column":4},"end":{"line":66,"column":5}},"28":{"start":{"line":62,"column":6},"end":{"line":62,"column":32}},"29":{"start":{"line":64,"column":6},"end":{"line":64,"column":43}},"30":{"start":{"line":65,"column":6},"end":{"line":65,"column":18}},"31":{"start":{"line":69,"column":24},"end":{"line":76,"column":21}},"32":{"start":{"line":69,"column":61},"end":{"line":76,"column":5}},"33":{"start":{"line":70,"column":4},"end":{"line":75,"column":5}},"34":{"start":{"line":71,"column":6},"end":{"line":71,"column":34}},"35":{"start":{"line":73,"column":6},"end":{"line":73,"column":45}},"36":{"start":{"line":74,"column":6},"end":{"line":74,"column":18}},"37":{"start":{"line":78,"column":24},"end":{"line":85,"column":26}},"38":{"start":{"line":78,"column":47},"end":{"line":85,"column":5}},"39":{"start":{"line":79,"column":4},"end":{"line":84,"column":5}},"40":{"start":{"line":80,"column":6},"end":{"line":80,"column":33}},"41":{"start":{"line":82,"column":6},"end":{"line":82,"column":45}},"42":{"start":{"line":83,"column":6},"end":{"line":83,"column":18}},"43":{"start":{"line":87,"column":27},"end":{"line":94,"column":18}},"44":{"start":{"line":87,"column":61},"end":{"line":94,"column":5}},"45":{"start":{"line":88,"column":4},"end":{"line":93,"column":5}},"46":{"start":{"line":89,"column":6},"end":{"line":89,"column":31}},"47":{"start":{"line":91,"column":6},"end":{"line":91,"column":48}},"48":{"start":{"line":92,"column":6},"end":{"line":92,"column":18}},"49":{"start":{"line":97,"column":26},"end":{"line":99,"column":19}},"50":{"start":{"line":98,"column":4},"end":{"line":98,"column":44}},"51":{"start":{"line":101,"column":28},"end":{"line":103,"column":19}},"52":{"start":{"line":102,"column":4},"end":{"line":102,"column":46}},"53":{"start":{"line":105,"column":27},"end":{"line":107,"column":14}},"54":{"start":{"line":106,"column":4},"end":{"line":106,"column":37}},"55":{"start":{"line":109,"column":2},"end":{"line":137,"column":4}},"56":{"start":{"line":5,"column":13},"end":{"line":5,"column":28}},"57":{"start":{"line":140,"column":0},"end":{"line":140,"column":28}}},"fnMap":{"0":{"name":"(anonymous_7)","decl":{"start":{"line":5,"column":28},"end":{"line":5,"column":45}},"loc":{"start":{"line":5,"column":47},"end":{"line":138,"column":1}}},"1":{"name":"(anonymous_8)","decl":{"start":{"line":26,"column":27},"end":{"line":26,"column":30}},"loc":{"start":{"line":26,"column":33},"end":{"line":26,"column":57}}},"2":{"name":"(anonymous_9)","decl":{"start":{"line":29,"column":34},"end":{"line":29,"column":37}},"loc":{"start":{"line":29,"column":39},"end":{"line":32,"column":3}}},"3":{"name":"(anonymous_10)","decl":{"start":{"line":35,"column":12},"end":{"line":35,"column":15}},"loc":{"start":{"line":35,"column":17},"end":{"line":39,"column":3}}},"4":{"name":"(anonymous_11)","decl":{"start":{"line":42,"column":35},"end":{"line":42,"column":44}},"loc":{"start":{"line":42,"column":46},"end":{"line":49,"column":5}}},"5":{"name":"(anonymous_12)","decl":{"start":{"line":42,"column":46},"end":{"line":42,"column":null}},"loc":{"start":{"line":42,"column":46},"end":{"line":49,"column":3}}},"6":{"name":"(anonymous_13)","decl":{"start":{"line":51,"column":36},"end":{"line":51,"column":45}},"loc":{"start":{"line":51,"column":47},"end":{"line":58,"column":5}}},"7":{"name":"(anonymous_14)","decl":{"start":{"line":51,"column":47},"end":{"line":51,"column":null}},"loc":{"start":{"line":51,"column":47},"end":{"line":58,"column":3}}},"8":{"name":"(anonymous_15)","decl":{"start":{"line":60,"column":34},"end":{"line":60,"column":41}},"loc":{"start":{"line":60,"column":59},"end":{"line":67,"column":5}}},"9":{"name":"(anonymous_16)","decl":{"start":{"line":60,"column":59},"end":{"line":60,"column":null}},"loc":{"start":{"line":60,"column":59},"end":{"line":67,"column":3}}},"10":{"name":"(anonymous_17)","decl":{"start":{"line":69,"column":36},"end":{"line":69,"column":43}},"loc":{"start":{"line":69,"column":61},"end":{"line":76,"column":5}}},"11":{"name":"(anonymous_18)","decl":{"start":{"line":69,"column":61},"end":{"line":69,"column":null}},"loc":{"start":{"line":69,"column":61},"end":{"line":76,"column":3}}},"12":{"name":"(anonymous_19)","decl":{"start":{"line":78,"column":36},"end":{"line":78,"column":45}},"loc":{"start":{"line":78,"column":47},"end":{"line":85,"column":5}}},"13":{"name":"(anonymous_20)","decl":{"start":{"line":78,"column":47},"end":{"line":78,"column":null}},"loc":{"start":{"line":78,"column":47},"end":{"line":85,"column":3}}},"14":{"name":"(anonymous_21)","decl":{"start":{"line":87,"column":39},"end":{"line":87,"column":46}},"loc":{"start":{"line":87,"column":61},"end":{"line":94,"column":5}}},"15":{"name":"(anonymous_22)","decl":{"start":{"line":87,"column":61},"end":{"line":87,"column":null}},"loc":{"start":{"line":87,"column":61},"end":{"line":94,"column":3}}},"16":{"name":"(anonymous_23)","decl":{"start":{"line":97,"column":38},"end":{"line":97,"column":41}},"loc":{"start":{"line":97,"column":43},"end":{"line":99,"column":3}}},"17":{"name":"(anonymous_24)","decl":{"start":{"line":101,"column":40},"end":{"line":101,"column":43}},"loc":{"start":{"line":101,"column":45},"end":{"line":103,"column":3}}},"18":{"name":"(anonymous_25)","decl":{"start":{"line":105,"column":39},"end":{"line":105,"column":42}},"loc":{"start":{"line":105,"column":44},"end":{"line":107,"column":3}}}},"branchMap":{"0":{"loc":{"start":{"line":26,"column":33},"end":{"line":26,"column":57}},"type":"binary-expr","locations":[{"start":{"line":26,"column":33},"end":{"line":26,"column":44}},{"start":{"line":26,"column":48},"end":{"line":26,"column":57}}]},"1":{"loc":{"start":{"line":30,"column":4},"end":{"line":30,"column":30}},"type":"if","locations":[{"start":{"line":30,"column":4},"end":{"line":30,"column":30}},{"start":{},"end":{}}]},"2":{"loc":{"start":{"line":31,"column":14},"end":{"line":31,"column":104}},"type":"binary-expr","locations":[{"start":{"line":31,"column":14},"end":{"line":31,"column":45}},{"start":{"line":31,"column":49},"end":{"line":31,"column":65}},{"start":{"line":31,"column":69},"end":{"line":31,"column":104}}]},"3":{"loc":{"start":{"line":36,"column":4},"end":{"line":38,"column":5}},"type":"if","locations":[{"start":{"line":36,"column":4},"end":{"line":38,"column":5}},{"start":{},"end":{}}]},"4":{"loc":{"start":{"line":36,"column":8},"end":{"line":36,"column":48}},"type":"binary-expr","locations":[{"start":{"line":36,"column":8},"end":{"line":36,"column":24}},{"start":{"line":36,"column":28},"end":{"line":36,"column":38}},{"start":{"line":36,"column":42},"end":{"line":36,"column":48}}]},"5":{"loc":{"start":{"line":98,"column":11},"end":{"line":98,"column":43}},"type":"binary-expr","locations":[{"start":{"line":98,"column":11},"end":{"line":98,"column":36}},{"start":{"line":98,"column":40},"end":{"line":98,"column":43}}]},"6":{"loc":{"start":{"line":98,"column":11},"end":{"line":98,"column":36}},"type":"cond-expr","locations":[{"start":{"line":98,"column":22},"end":{"line":98,"column":24}},{"start":{"line":98,"column":11},"end":{"line":98,"column":36}}]},"7":{"loc":{"start":{"line":98,"column":11},"end":{"line":98,"column":24}},"type":"binary-expr","locations":[{"start":{"line":98,"column":11},"end":{"line":98,"column":24}},{"start":{"line":98,"column":11},"end":{"line":98,"column":24}}]},"8":{"loc":{"start":{"line":102,"column":11},"end":{"line":102,"column":45}},"type":"binary-expr","locations":[{"start":{"line":102,"column":11},"end":{"line":102,"column":38}},{"start":{"line":102,"column":42},"end":{"line":102,"column":45}}]},"9":{"loc":{"start":{"line":102,"column":11},"end":{"line":102,"column":38}},"type":"cond-expr","locations":[{"start":{"line":102,"column":22},"end":{"line":102,"column":24}},{"start":{"line":102,"column":11},"end":{"line":102,"column":38}}]},"10":{"loc":{"start":{"line":102,"column":11},"end":{"line":102,"column":24}},"type":"binary-expr","locations":[{"start":{"line":102,"column":11},"end":{"line":102,"column":24}},{"start":{"line":102,"column":11},"end":{"line":102,"column":24}}]},"11":{"loc":{"start":{"line":106,"column":11},"end":{"line":106,"column":36}},"type":"binary-expr","locations":[{"start":{"line":106,"column":11},"end":{"line":106,"column":28}},{"start":{"line":106,"column":32},"end":{"line":106,"column":36}}]},"12":{"loc":{"start":{"line":106,"column":11},"end":{"line":106,"column":28}},"type":"cond-expr","locations":[{"start":{"line":106,"column":17},"end":{"line":106,"column":19}},{"start":{"line":106,"column":11},"end":{"line":106,"column":28}}]},"13":{"loc":{"start":{"line":106,"column":11},"end":{"line":106,"column":19}},"type":"binary-expr","locations":[{"start":{"line":106,"column":11},"end":{"line":106,"column":19}},{"start":{"line":106,"column":11},"end":{"line":106,"column":19}}]}},"s":{"0":0,"1":0,"2":0,"3":0,"4":0,"5":0,"6":0,"7":0,"8":0,"9":0,"10":0,"11":0,"12":0,"13":0,"14":0,"15":0,"16":0,"17":0,"18":0,"19":0,"20":0,"21":0,"22":0,"23":0,"24":0,"25":0,"26":0,"27":0,"28":0,"29":0,"30":0,"31":0,"32":0,"33":0,"34":0,"35":0,"36":0,"37":0,"38":0,"39":0,"40":0,"41":0,"42":0,"43":0,"44":0,"45":0,"46":0,"47":0,"48":0,"49":0,"50":0,"51":0,"52":0,"53":0,"54":0,"55":0,"56":0,"57":0},"f":{"0":0,"1":0,"2":0,"3":0,"4":0,"5":0,"6":0,"7":0,"8":0,"9":0,"10":0,"11":0,"12":0,"13":0,"14":0,"15":0,"16":0,"17":0,"18":0},"b":{"0":[0,0],"1":[0,0],"2":[0,0,0],"3":[0,0],"4":[0,0,0],"5":[0,0],"6":[0,0],"7":[0,0],"8":[0,0],"9":[0,0],"10":[0,0],"11":[0,0],"12":[0,0],"13":[0,0]}}
,"/home/vitalpointai/projects/near-login-with-staking/src/store/auth.ts": {"path":"/home/vitalpointai/projects/near-login-with-staking/src/store/auth.ts","statementMap":{"0":{"start":{"line":1,"column":0},"end":{"line":1,"column":33}},"1":{"start":{"line":2,"column":0},"end":{"line":2,"column":59}},"2":{"start":{"line":3,"column":0},"end":{"line":3,"column":65}},"3":{"start":{"line":5,"column":0},"end":{"line":5,"column":73}},"4":{"start":{"line":6,"column":0},"end":{"line":6,"column":72}},"5":{"start":{"line":7,"column":0},"end":{"line":7,"column":60}},"6":{"start":{"line":17,"column":0},"end":{"line":17,"column":null}},"7":{"start":{"line":25,"column":0},"end":{"line":25,"column":50}},"8":{"start":{"line":49,"column":13},"end":{"line":511,"column":2}},"9":{"start":{"line":50,"column":39},"end":{"line":510,"column":4}},"10":{"start":{"line":68,"column":6},"end":{"line":68,"column":32}},"11":{"start":{"line":71,"column":45},"end":{"line":162,"column":null}},"12":{"start":{"line":72,"column":20},"end":{"line":72,"column":25}},"13":{"start":{"line":73,"column":6},"end":{"line":73,"column":33}},"14":{"start":{"line":73,"column":26},"end":{"line":73,"column":33}},"15":{"start":{"line":75,"column":6},"end":{"line":161,"column":7}},"16":{"start":{"line":76,"column":8},"end":{"line":76,"column":54}},"17":{"start":{"line":79,"column":31},"end":{"line":85,"column":10}},"18":{"start":{"line":88,"column":32},"end":{"line":88,"column":59}},"19":{"start":{"line":89,"column":8},"end":{"line":101,"column":9}},"20":{"start":{"line":90,"column":10},"end":{"line":99,"column":13}},"21":{"start":{"line":100,"column":10},"end":{"line":100,"column":17}},"22":{"start":{"line":104,"column":26},"end":{"line":104,"column":67}},"23":{"start":{"line":105,"column":24},"end":{"line":107,"column":null}},"24":{"start":{"line":111,"column":21},"end":{"line":111,"column":59}},"25":{"start":{"line":114,"column":25},"end":{"line":121,"column":10}},"26":{"start":{"line":124,"column":22},"end":{"line":127,"column":10}},"27":{"start":{"line":129,"column":8},"end":{"line":135,"column":11}},"28":{"start":{"line":138,"column":23},"end":{"line":138,"column":46}},"29":{"start":{"line":139,"column":25},"end":{"line":139,"column":51}},"30":{"start":{"line":141,"column":8},"end":{"line":146,"column":9}},"31":{"start":{"line":142,"column":28},"end":{"line":142,"column":49}},"32":{"start":{"line":143,"column":10},"end":{"line":143,"column":49}},"33":{"start":{"line":145,"column":10},"end":{"line":145,"column":36}},"34":{"start":{"line":149,"column":8},"end":{"line":149,"column":72}},"35":{"start":{"line":150,"column":29},"end":{"line":150,"column":99}},"36":{"start":{"line":151,"column":8},"end":{"line":154,"column":11}},"37":{"start":{"line":156,"column":8},"end":{"line":160,"column":11}},"38":{"start":{"line":164,"column":40},"end":{"line":215,"column":null}},"39":{"start":{"line":165,"column":41},"end":{"line":165,"column":46}},"40":{"start":{"line":166,"column":6},"end":{"line":166,"column":45}},"41":{"start":{"line":166,"column":38},"end":{"line":166,"column":45}},"42":{"start":{"line":168,"column":6},"end":{"line":214,"column":7}},"43":{"start":{"line":169,"column":26},"end":{"line":169,"column":57}},"44":{"start":{"line":170,"column":8},"end":{"line":202,"column":9}},"45":{"start":{"line":171,"column":26},"end":{"line":171,"column":53}},"46":{"start":{"line":172,"column":10},"end":{"line":191,"column":11}},"47":{"start":{"line":173,"column":12},"end":{"line":180,"column":15}},"48":{"start":{"line":183,"column":12},"end":{"line":190,"column":15}},"49":{"start":{"line":194,"column":10},"end":{"line":201,"column":13}},"50":{"start":{"line":204,"column":8},"end":{"line":204,"column":63}},"51":{"start":{"line":205,"column":8},"end":{"line":213,"column":11}},"52":{"start":{"line":217,"column":49},"end":{"line":328,"column":null}},"53":{"start":{"line":218,"column":66},"end":{"line":218,"column":71}},"54":{"start":{"line":219,"column":6},"end":{"line":219,"column":67}},"55":{"start":{"line":219,"column":60},"end":{"line":219,"column":67}},"56":{"start":{"line":221,"column":6},"end":{"line":327,"column":7}},"57":{"start":{"line":222,"column":8},"end":{"line":222,"column":33}},"58":{"start":{"line":225,"column":32},"end":{"line":225,"column":83}},"59":{"start":{"line":226,"column":26},"end":{"line":226,"column":30}},"60":{"start":{"line":227,"column":23},"end":{"line":227,"column":28}},"61":{"start":{"line":230,"column":8},"end":{"line":237,"column":9}},"62":{"start":{"line":231,"column":10},"end":{"line":235,"column":12}},"63":{"start":{"line":236,"column":10},"end":{"line":236,"column":84}},"64":{"start":{"line":240,"column":35},"end":{"line":240,"column":99}},"65":{"start":{"line":241,"column":40},"end":{"line":241,"column":71}},"66":{"start":{"line":244,"column":8},"end":{"line":319,"column":9}},"67":{"start":{"line":245,"column":10},"end":{"line":307,"column":11}},"68":{"start":{"line":247,"column":27},"end":{"line":247,"column":50}},"69":{"start":{"line":248,"column":28},"end":{"line":248,"column":104}},"70":{"start":{"line":251,"column":34},"end":{"line":255,"column":14}},"71":{"start":{"line":257,"column":12},"end":{"line":286,"column":13}},"72":{"start":{"line":259,"column":30},"end":{"line":263,"column":null}},"73":{"start":{"line":266,"column":14},"end":{"line":285,"column":15}},"74":{"start":{"line":267,"column":16},"end":{"line":275,"column":19}},"75":{"start":{"line":277,"column":16},"end":{"line":283,"column":19}},"76":{"start":{"line":284,"column":16},"end":{"line":284,"column":23}},"77":{"start":{"line":288,"column":12},"end":{"line":288,"column":87}},"78":{"start":{"line":290,"column":12},"end":{"line":290,"column":68}},"79":{"start":{"line":292,"column":12},"end":{"line":300,"column":15}},"80":{"start":{"line":302,"column":12},"end":{"line":306,"column":15}},"81":{"start":{"line":310,"column":10},"end":{"line":318,"column":13}},"82":{"start":{"line":322,"column":8},"end":{"line":322,"column":61}},"83":{"start":{"line":323,"column":8},"end":{"line":326,"column":11}},"84":{"start":{"line":330,"column":23},"end":{"line":355,"column":null}},"85":{"start":{"line":331,"column":33},"end":{"line":331,"column":38}},"86":{"start":{"line":332,"column":6},"end":{"line":339,"column":7}},"87":{"start":{"line":333,"column":8},"end":{"line":337,"column":11}},"88":{"start":{"line":338,"column":8},"end":{"line":338,"column":15}},"89":{"start":{"line":341,"column":6},"end":{"line":354,"column":7}},"90":{"start":{"line":342,"column":8},"end":{"line":342,"column":46}},"91":{"start":{"line":343,"column":8},"end":{"line":343,"column":21}},"92":{"start":{"line":345,"column":8},"end":{"line":345,"column":48}},"93":{"start":{"line":346,"column":29},"end":{"line":346,"column":89}},"94":{"start":{"line":347,"column":8},"end":{"line":347,"column":55}},"95":{"start":{"line":349,"column":8},"end":{"line":353,"column":11}},"96":{"start":{"line":357,"column":24},"end":{"line":404,"column":null}},"97":{"start":{"line":358,"column":52},"end":{"line":358,"column":57}},"98":{"start":{"line":359,"column":6},"end":{"line":359,"column":28}},"99":{"start":{"line":359,"column":21},"end":{"line":359,"column":28}},"100":{"start":{"line":361,"column":6},"end":{"line":403,"column":7}},"101":{"start":{"line":363,"column":8},"end":{"line":365,"column":9}},"102":{"start":{"line":364,"column":10},"end":{"line":364,"column":40}},"103":{"start":{"line":368,"column":23},"end":{"line":368,"column":46}},"104":{"start":{"line":369,"column":8},"end":{"line":369,"column":31}},"105":{"start":{"line":371,"column":8},"end":{"line":379,"column":11}},"106":{"start":{"line":381,"column":8},"end":{"line":385,"column":11}},"107":{"start":{"line":388,"column":8},"end":{"line":388,"column":49}},"108":{"start":{"line":390,"column":8},"end":{"line":392,"column":9}},"109":{"start":{"line":391,"column":10},"end":{"line":391,"column":40}},"110":{"start":{"line":394,"column":8},"end":{"line":402,"column":11}},"111":{"start":{"line":406,"column":42},"end":{"line":444,"column":null}},"112":{"start":{"line":407,"column":51},"end":{"line":407,"column":56}},"113":{"start":{"line":408,"column":6},"end":{"line":415,"column":7}},"114":{"start":{"line":409,"column":8},"end":{"line":413,"column":11}},"115":{"start":{"line":414,"column":8},"end":{"line":414,"column":15}},"116":{"start":{"line":417,"column":6},"end":{"line":443,"column":7}},"117":{"start":{"line":418,"column":8},"end":{"line":418,"column":46}},"118":{"start":{"line":420,"column":8},"end":{"line":420,"column":77}},"119":{"start":{"line":422,"column":8},"end":{"line":426,"column":11}},"120":{"start":{"line":429,"column":8},"end":{"line":431,"column":17}},"121":{"start":{"line":429,"column":30},"end":{"line":431,"column":11}},"122":{"start":{"line":430,"column":10},"end":{"line":430,"column":43}},"123":{"start":{"line":434,"column":8},"end":{"line":434,"column":48}},"124":{"start":{"line":435,"column":29},"end":{"line":435,"column":94}},"125":{"start":{"line":436,"column":8},"end":{"line":436,"column":55}},"126":{"start":{"line":438,"column":8},"end":{"line":442,"column":11}},"127":{"start":{"line":446,"column":44},"end":{"line":484,"column":null}},"128":{"start":{"line":447,"column":51},"end":{"line":447,"column":56}},"129":{"start":{"line":448,"column":6},"end":{"line":455,"column":7}},"130":{"start":{"line":449,"column":8},"end":{"line":453,"column":11}},"131":{"start":{"line":454,"column":8},"end":{"line":454,"column":15}},"132":{"start":{"line":457,"column":6},"end":{"line":483,"column":7}},"133":{"start":{"line":458,"column":8},"end":{"line":458,"column":46}},"134":{"start":{"line":460,"column":8},"end":{"line":460,"column":79}},"135":{"start":{"line":462,"column":8},"end":{"line":466,"column":11}},"136":{"start":{"line":469,"column":8},"end":{"line":471,"column":17}},"137":{"start":{"line":469,"column":30},"end":{"line":471,"column":11}},"138":{"start":{"line":470,"column":10},"end":{"line":470,"column":43}},"139":{"start":{"line":474,"column":8},"end":{"line":474,"column":50}},"140":{"start":{"line":475,"column":29},"end":{"line":475,"column":96}},"141":{"start":{"line":476,"column":8},"end":{"line":476,"column":55}},"142":{"start":{"line":478,"column":8},"end":{"line":482,"column":11}},"143":{"start":{"line":486,"column":35},"end":{"line":509,"column":null}},"144":{"start":{"line":487,"column":42},"end":{"line":487,"column":47}},"145":{"start":{"line":488,"column":6},"end":{"line":488,"column":70}},"146":{"start":{"line":488,"column":63},"end":{"line":488,"column":70}},"147":{"start":{"line":490,"column":6},"end":{"line":508,"column":7}},"148":{"start":{"line":491,"column":28},"end":{"line":494,"column":null}},"149":{"start":{"line":497,"column":25},"end":{"line":497,"column":83}},"150":{"start":{"line":499,"column":8},"end":{"line":503,"column":11}},"151":{"start":{"line":506,"column":8},"end":{"line":506,"column":64}},"152":{"start":{"line":507,"column":8},"end":{"line":507,"column":34}},"153":{"start":{"line":514,"column":0},"end":{"line":540,"column":1}},"154":{"start":{"line":515,"column":2},"end":{"line":539,"column":4}},"155":{"start":{"line":516,"column":15},"end":{"line":516,"column":29}},"156":{"start":{"line":517,"column":23},"end":{"line":538,"column":null}},"157":{"start":{"line":518,"column":6},"end":{"line":518,"column":28}},"158":{"start":{"line":518,"column":21},"end":{"line":518,"column":28}},"159":{"start":{"line":520,"column":27},"end":{"line":535,"column":8}},"160":{"start":{"line":521,"column":29},"end":{"line":521,"column":34}},"161":{"start":{"line":523,"column":8},"end":{"line":534,"column":9}},"162":{"start":{"line":524,"column":28},"end":{"line":524,"column":49}},"163":{"start":{"line":525,"column":10},"end":{"line":525,"column":72}},"164":{"start":{"line":527,"column":10},"end":{"line":533,"column":13}},"165":{"start":{"line":537,"column":6},"end":{"line":537,"column":46}},"166":{"start":{"line":537,"column":19},"end":{"line":537,"column":45}}},"fnMap":{"0":{"name":"(anonymous_7)","decl":{"start":{"line":50,"column":24},"end":{"line":50,"column":25}},"loc":{"start":{"line":50,"column":39},"end":{"line":510,"column":4}}},"1":{"name":"(anonymous_8)","decl":{"start":{"line":67,"column":21},"end":{"line":67,"column":22}},"loc":{"start":{"line":67,"column":33},"end":{"line":69,"column":5}}},"2":{"name":"(anonymous_9)","decl":{"start":{"line":71,"column":16},"end":{"line":71,"column":23}},"loc":{"start":{"line":71,"column":45},"end":{"line":162,"column":null}}},"3":{"name":"(anonymous_10)","decl":{"start":{"line":71,"column":45},"end":{"line":71,"column":null}},"loc":{"start":{"line":71,"column":45},"end":{"line":162,"column":5}}},"4":{"name":"(anonymous_11)","decl":{"start":{"line":164,"column":29},"end":{"line":164,"column":38}},"loc":{"start":{"line":164,"column":40},"end":{"line":215,"column":null}}},"5":{"name":"(anonymous_12)","decl":{"start":{"line":164,"column":40},"end":{"line":164,"column":null}},"loc":{"start":{"line":164,"column":40},"end":{"line":215,"column":5}}},"6":{"name":"(anonymous_13)","decl":{"start":{"line":217,"column":21},"end":{"line":217,"column":28}},"loc":{"start":{"line":217,"column":49},"end":{"line":328,"column":null}}},"7":{"name":"(anonymous_14)","decl":{"start":{"line":217,"column":49},"end":{"line":217,"column":null}},"loc":{"start":{"line":217,"column":49},"end":{"line":328,"column":5}}},"8":{"name":"(anonymous_15)","decl":{"start":{"line":330,"column":12},"end":{"line":330,"column":21}},"loc":{"start":{"line":330,"column":23},"end":{"line":355,"column":null}}},"9":{"name":"(anonymous_16)","decl":{"start":{"line":330,"column":23},"end":{"line":330,"column":null}},"loc":{"start":{"line":330,"column":23},"end":{"line":355,"column":5}}},"10":{"name":"(anonymous_17)","decl":{"start":{"line":357,"column":13},"end":{"line":357,"column":22}},"loc":{"start":{"line":357,"column":24},"end":{"line":404,"column":null}}},"11":{"name":"(anonymous_18)","decl":{"start":{"line":357,"column":24},"end":{"line":357,"column":null}},"loc":{"start":{"line":357,"column":24},"end":{"line":404,"column":5}}},"12":{"name":"(anonymous_19)","decl":{"start":{"line":406,"column":17},"end":{"line":406,"column":24}},"loc":{"start":{"line":406,"column":42},"end":{"line":444,"column":null}}},"13":{"name":"(anonymous_20)","decl":{"start":{"line":406,"column":42},"end":{"line":406,"column":null}},"loc":{"start":{"line":406,"column":42},"end":{"line":444,"column":5}}},"14":{"name":"(anonymous_21)","decl":{"start":{"line":429,"column":19},"end":{"line":429,"column":28}},"loc":{"start":{"line":429,"column":30},"end":{"line":431,"column":11}}},"15":{"name":"(anonymous_22)","decl":{"start":{"line":429,"column":30},"end":{"line":429,"column":null}},"loc":{"start":{"line":429,"column":30},"end":{"line":431,"column":9}}},"16":{"name":"(anonymous_23)","decl":{"start":{"line":446,"column":19},"end":{"line":446,"column":26}},"loc":{"start":{"line":446,"column":44},"end":{"line":484,"column":null}}},"17":{"name":"(anonymous_24)","decl":{"start":{"line":446,"column":44},"end":{"line":446,"column":null}},"loc":{"start":{"line":446,"column":44},"end":{"line":484,"column":5}}},"18":{"name":"(anonymous_25)","decl":{"start":{"line":469,"column":19},"end":{"line":469,"column":28}},"loc":{"start":{"line":469,"column":30},"end":{"line":471,"column":11}}},"19":{"name":"(anonymous_26)","decl":{"start":{"line":469,"column":30},"end":{"line":469,"column":null}},"loc":{"start":{"line":469,"column":30},"end":{"line":471,"column":9}}},"20":{"name":"(anonymous_27)","decl":{"start":{"line":486,"column":24},"end":{"line":486,"column":33}},"loc":{"start":{"line":486,"column":35},"end":{"line":509,"column":null}}},"21":{"name":"(anonymous_28)","decl":{"start":{"line":486,"column":35},"end":{"line":486,"column":null}},"loc":{"start":{"line":486,"column":35},"end":{"line":509,"column":5}}},"22":{"name":"(anonymous_29)","decl":{"start":{"line":516,"column":4},"end":{"line":516,"column":5}},"loc":{"start":{"line":516,"column":15},"end":{"line":516,"column":29}}},"23":{"name":"(anonymous_30)","decl":{"start":{"line":517,"column":4},"end":{"line":517,"column":11}},"loc":{"start":{"line":517,"column":23},"end":{"line":538,"column":null}}},"24":{"name":"(anonymous_31)","decl":{"start":{"line":517,"column":23},"end":{"line":517,"column":null}},"loc":{"start":{"line":517,"column":23},"end":{"line":538,"column":5}}},"25":{"name":"(anonymous_32)","decl":{"start":{"line":520,"column":63},"end":{"line":520,"column":64}},"loc":{"start":{"line":520,"column":73},"end":{"line":535,"column":7}}},"26":{"name":"(anonymous_33)","decl":{"start":{"line":537,"column":13},"end":{"line":537,"column":16}},"loc":{"start":{"line":537,"column":19},"end":{"line":537,"column":45}}}},"branchMap":{"0":{"loc":{"start":{"line":73,"column":6},"end":{"line":73,"column":33}},"type":"if","locations":[{"start":{"line":73,"column":6},"end":{"line":73,"column":33}},{"start":{},"end":{}}]},"1":{"loc":{"start":{"line":80,"column":10},"end":{"line":80,"column":40}},"type":"cond-expr","locations":[{"start":{"line":80,"column":30},"end":{"line":80,"column":32}},{"start":{"line":80,"column":30},"end":{"line":80,"column":40}}]},"2":{"loc":{"start":{"line":80,"column":10},"end":{"line":80,"column":32}},"type":"binary-expr","locations":[{"start":{"line":80,"column":10},"end":{"line":80,"column":32}},{"start":{"line":80,"column":30},"end":{"line":80,"column":32}}]},"3":{"loc":{"start":{"line":81,"column":10},"end":{"line":81,"column":42}},"type":"cond-expr","locations":[{"start":{"line":81,"column":30},"end":{"line":81,"column":32}},{"start":{"line":81,"column":30},"end":{"line":81,"column":42}}]},"4":{"loc":{"start":{"line":81,"column":10},"end":{"line":81,"column":32}},"type":"binary-expr","locations":[{"start":{"line":81,"column":10},"end":{"line":81,"column":32}},{"start":{"line":81,"column":30},"end":{"line":81,"column":32}}]},"5":{"loc":{"start":{"line":83,"column":10},"end":{"line":83,"column":47}},"type":"cond-expr","locations":[{"start":{"line":83,"column":30},"end":{"line":83,"column":32}},{"start":{"line":83,"column":30},"end":{"line":83,"column":47}}]},"6":{"loc":{"start":{"line":83,"column":10},"end":{"line":83,"column":32}},"type":"binary-expr","locations":[{"start":{"line":83,"column":10},"end":{"line":83,"column":32}},{"start":{"line":83,"column":30},"end":{"line":83,"column":32}}]},"7":{"loc":{"start":{"line":89,"column":8},"end":{"line":101,"column":9}},"type":"if","locations":[{"start":{"line":89,"column":8},"end":{"line":101,"column":9}},{"start":{},"end":{}}]},"8":{"loc":{"start":{"line":89,"column":12},"end":{"line":89,"column":62}},"type":"binary-expr","locations":[{"start":{"line":89,"column":12},"end":{"line":89,"column":27}},{"start":{"line":89,"column":31},"end":{"line":89,"column":62}}]},"9":{"loc":{"start":{"line":96,"column":26},"end":{"line":96,"column":59}},"type":"binary-expr","locations":[{"start":{"line":96,"column":26},"end":{"line":96,"column":51}},{"start":{"line":96,"column":55},"end":{"line":96,"column":59}}]},"10":{"loc":{"start":{"line":104,"column":26},"end":{"line":104,"column":67}},"type":"binary-expr","locations":[{"start":{"line":104,"column":26},"end":{"line":104,"column":54}},{"start":{"line":104,"column":58},"end":{"line":104,"column":67}}]},"11":{"loc":{"start":{"line":104,"column":26},"end":{"line":104,"column":54}},"type":"cond-expr","locations":[{"start":{"line":104,"column":43},"end":{"line":104,"column":45}},{"start":{"line":104,"column":43},"end":{"line":104,"column":54}}]},"12":{"loc":{"start":{"line":104,"column":26},"end":{"line":104,"column":45}},"type":"binary-expr","locations":[{"start":{"line":104,"column":26},"end":{"line":104,"column":45}},{"start":{"line":104,"column":43},"end":{"line":104,"column":45}}]},"13":{"loc":{"start":{"line":125,"column":22},"end":{"line":125,"column":71}},"type":"binary-expr","locations":[{"start":{"line":125,"column":22},"end":{"line":125,"column":61}},{"start":{"line":125,"column":65},"end":{"line":125,"column":71}}]},"14":{"loc":{"start":{"line":125,"column":22},"end":{"line":125,"column":61}},"type":"cond-expr","locations":[{"start":{"line":125,"column":49},"end":{"line":125,"column":51}},{"start":{"line":125,"column":49},"end":{"line":125,"column":61}}]},"15":{"loc":{"start":{"line":125,"column":22},"end":{"line":125,"column":51}},"type":"binary-expr","locations":[{"start":{"line":125,"column":22},"end":{"line":125,"column":51}},{"start":{"line":125,"column":49},"end":{"line":125,"column":51}}]},"16":{"loc":{"start":{"line":126,"column":17},"end":{"line":126,"column":61}},"type":"binary-expr","locations":[{"start":{"line":126,"column":17},"end":{"line":126,"column":51}},{"start":{"line":126,"column":55},"end":{"line":126,"column":61}}]},"17":{"loc":{"start":{"line":126,"column":17},"end":{"line":126,"column":51}},"type":"cond-expr","locations":[{"start":{"line":126,"column":44},"end":{"line":126,"column":46}},{"start":{"line":126,"column":44},"end":{"line":126,"column":51}}]},"18":{"loc":{"start":{"line":126,"column":17},"end":{"line":126,"column":46}},"type":"binary-expr","locations":[{"start":{"line":126,"column":17},"end":{"line":126,"column":46}},{"start":{"line":126,"column":44},"end":{"line":126,"column":46}}]},"19":{"loc":{"start":{"line":141,"column":8},"end":{"line":146,"column":9}},"type":"if","locations":[{"start":{"line":141,"column":8},"end":{"line":146,"column":9}},{"start":{"line":144,"column":15},"end":{"line":146,"column":9}}]},"20":{"loc":{"start":{"line":150,"column":29},"end":{"line":150,"column":99}},"type":"cond-expr","locations":[{"start":{"line":150,"column":54},"end":{"line":150,"column":67}},{"start":{"line":150,"column":70},"end":{"line":150,"column":99}}]},"21":{"loc":{"start":{"line":156,"column":8},"end":{"line":160,"column":10}},"type":"cond-expr","locations":[{"start":{"line":156,"column":21},"end":{"line":156,"column":24}},{"start":{"line":156,"column":21},"end":{"line":160,"column":10}}]},"22":{"loc":{"start":{"line":156,"column":8},"end":{"line":156,"column":24}},"type":"binary-expr","locations":[{"start":{"line":156,"column":8},"end":{"line":156,"column":24}},{"start":{"line":156,"column":21},"end":{"line":156,"column":24}}]},"23":{"loc":{"start":{"line":166,"column":6},"end":{"line":166,"column":45}},"type":"if","locations":[{"start":{"line":166,"column":6},"end":{"line":166,"column":45}},{"start":{},"end":{}}]},"24":{"loc":{"start":{"line":166,"column":10},"end":{"line":166,"column":36}},"type":"binary-expr","locations":[{"start":{"line":166,"column":10},"end":{"line":166,"column":25}},{"start":{"line":166,"column":29},"end":{"line":166,"column":36}}]},"25":{"loc":{"start":{"line":170,"column":8},"end":{"line":202,"column":9}},"type":"if","locations":[{"start":{"line":170,"column":8},"end":{"line":202,"column":9}},{"start":{"line":192,"column":15},"end":{"line":202,"column":9}}]},"26":{"loc":{"start":{"line":172,"column":10},"end":{"line":191,"column":11}},"type":"if","locations":[{"start":{"line":172,"column":10},"end":{"line":191,"column":11}},{"start":{"line":181,"column":17},"end":{"line":191,"column":11}}]},"27":{"loc":{"start":{"line":179,"column":28},"end":{"line":179,"column":53}},"type":"binary-expr","locations":[{"start":{"line":179,"column":28},"end":{"line":179,"column":45}},{"start":{"line":179,"column":49},"end":{"line":179,"column":53}}]},"28":{"loc":{"start":{"line":212,"column":17},"end":{"line":212,"column":89}},"type":"cond-expr","locations":[{"start":{"line":212,"column":42},"end":{"line":212,"column":55}},{"start":{"line":212,"column":58},"end":{"line":212,"column":89}}]},"29":{"loc":{"start":{"line":219,"column":6},"end":{"line":219,"column":67}},"type":"if","locations":[{"start":{"line":219,"column":6},"end":{"line":219,"column":67}},{"start":{},"end":{}}]},"30":{"loc":{"start":{"line":219,"column":10},"end":{"line":219,"column":58}},"type":"binary-expr","locations":[{"start":{"line":219,"column":10},"end":{"line":219,"column":15}},{"start":{"line":219,"column":19},"end":{"line":219,"column":26}},{"start":{"line":219,"column":30},"end":{"line":219,"column":45}},{"start":{"line":219,"column":49},"end":{"line":219,"column":58}}]},"31":{"loc":{"start":{"line":225,"column":32},"end":{"line":225,"column":83}},"type":"binary-expr","locations":[{"start":{"line":225,"column":32},"end":{"line":225,"column":63}},{"start":{"line":225,"column":67},"end":{"line":225,"column":83}}]},"32":{"loc":{"start":{"line":230,"column":8},"end":{"line":237,"column":9}},"type":"if","locations":[{"start":{"line":230,"column":8},"end":{"line":237,"column":9}},{"start":{},"end":{}}]},"33":{"loc":{"start":{"line":236,"column":24},"end":{"line":236,"column":82}},"type":"binary-expr","locations":[{"start":{"line":236,"column":24},"end":{"line":236,"column":46}},{"start":{"line":236,"column":50},"end":{"line":236,"column":82}}]},"34":{"loc":{"start":{"line":236,"column":24},"end":{"line":236,"column":46}},"type":"cond-expr","locations":[{"start":{"line":236,"column":35},"end":{"line":236,"column":37}},{"start":{"line":236,"column":24},"end":{"line":236,"column":46}}]},"35":{"loc":{"start":{"line":236,"column":24},"end":{"line":236,"column":37}},"type":"binary-expr","locations":[{"start":{"line":236,"column":24},"end":{"line":236,"column":37}},{"start":{"line":236,"column":24},"end":{"line":236,"column":37}}]},"36":{"loc":{"start":{"line":240,"column":35},"end":{"line":240,"column":99}},"type":"cond-expr","locations":[{"start":{"line":240,"column":54},"end":{"line":240,"column":90}},{"start":{"line":240,"column":94},"end":{"line":240,"column":99}}]},"37":{"loc":{"start":{"line":240,"column":54},"end":{"line":240,"column":80}},"type":"cond-expr","locations":[{"start":{"line":240,"column":70},"end":{"line":240,"column":72}},{"start":{"line":240,"column":70},"end":{"line":240,"column":80}}]},"38":{"loc":{"start":{"line":240,"column":54},"end":{"line":240,"column":72}},"type":"binary-expr","locations":[{"start":{"line":240,"column":54},"end":{"line":240,"column":72}},{"start":{"line":240,"column":70},"end":{"line":240,"column":72}}]},"39":{"loc":{"start":{"line":241,"column":40},"end":{"line":241,"column":71}},"type":"binary-expr","locations":[{"start":{"line":241,"column":40},"end":{"line":241,"column":59}},{"start":{"line":241,"column":63},"end":{"line":241,"column":71}}]},"40":{"loc":{"start":{"line":244,"column":8},"end":{"line":319,"column":9}},"type":"if","locations":[{"start":{"line":244,"column":8},"end":{"line":319,"column":9}},{"start":{"line":308,"column":15},"end":{"line":319,"column":9}}]},"41":{"loc":{"start":{"line":257,"column":12},"end":{"line":286,"column":13}},"type":"if","locations":[{"start":{"line":257,"column":12},"end":{"line":286,"column":13}},{"start":{},"end":{}}]},"42":{"loc":{"start":{"line":266,"column":14},"end":{"line":285,"column":15}},"type":"if","locations":[{"start":{"line":266,"column":14},"end":{"line":285,"column":15}},{"start":{},"end":{}}]},"43":{"loc":{"start":{"line":277,"column":16},"end":{"line":283,"column":18}},"type":"cond-expr","locations":[{"start":{"line":277,"column":23},"end":{"line":277,"column":26}},{"start":{"line":277,"column":16},"end":{"line":283,"column":18}}]},"44":{"loc":{"start":{"line":277,"column":16},"end":{"line":277,"column":26}},"type":"binary-expr","locations":[{"start":{"line":277,"column":16},"end":{"line":277,"column":26}},{"start":{"line":277,"column":16},"end":{"line":277,"column":26}}]},"45":{"loc":{"start":{"line":279,"column":31},"end":{"line":281,"column":67}},"type":"cond-expr","locations":[{"start":{"line":280,"column":22},"end":{"line":280,"column":163}},{"start":{"line":281,"column":22},"end":{"line":281,"column":67}}]},"46":{"loc":{"start":{"line":279,"column":31},"end":{"line":279,"column":62}},"type":"binary-expr","locations":[{"start":{"line":279,"column":31},"end":{"line":279,"column":42}},{"start":{"line":279,"column":46},"end":{"line":279,"column":62}}]},"47":{"loc":{"start":{"line":280,"column":106},"end":{"line":280,"column":161}},"type":"binary-expr","locations":[{"start":{"line":280,"column":106},"end":{"line":280,"column":134}},{"start":{"line":280,"column":138},"end":{"line":280,"column":161}}]},"48":{"loc":{"start":{"line":302,"column":12},"end":{"line":306,"column":14}},"type":"cond-expr","locations":[{"start":{"line":302,"column":19},"end":{"line":302,"column":22}},{"start":{"line":302,"column":12},"end":{"line":306,"column":14}}]},"49":{"loc":{"start":{"line":302,"column":12},"end":{"line":302,"column":22}},"type":"binary-expr","locations":[{"start":{"line":302,"column":12},"end":{"line":302,"column":22}},{"start":{"line":302,"column":12},"end":{"line":302,"column":22}}]},"50":{"loc":{"start":{"line":332,"column":6},"end":{"line":339,"column":7}},"type":"if","locations":[{"start":{"line":332,"column":6},"end":{"line":339,"column":7}},{"start":{},"end":{}}]},"51":{"loc":{"start":{"line":333,"column":8},"end":{"line":337,"column":10}},"type":"cond-expr","locations":[{"start":{"line":333,"column":15},"end":{"line":333,"column":18}},{"start":{"line":333,"column":8},"end":{"line":337,"column":10}}]},"52":{"loc":{"start":{"line":333,"column":8},"end":{"line":333,"column":18}},"type":"binary-expr","locations":[{"start":{"line":333,"column":8},"end":{"line":333,"column":18}},{"start":{"line":333,"column":8},"end":{"line":333,"column":18}}]},"53":{"loc":{"start":{"line":346,"column":29},"end":{"line":346,"column":89}},"type":"cond-expr","locations":[{"start":{"line":346,"column":54},"end":{"line":346,"column":67}},{"start":{"line":346,"column":70},"end":{"line":346,"column":89}}]},"54":{"loc":{"start":{"line":349,"column":8},"end":{"line":353,"column":10}},"type":"cond-expr","locations":[{"start":{"line":349,"column":15},"end":{"line":349,"column":18}},{"start":{"line":349,"column":8},"end":{"line":353,"column":10}}]},"55":{"loc":{"start":{"line":349,"column":8},"end":{"line":349,"column":18}},"type":"binary-expr","locations":[{"start":{"line":349,"column":8},"end":{"line":349,"column":18}},{"start":{"line":349,"column":8},"end":{"line":349,"column":18}}]},"56":{"loc":{"start":{"line":359,"column":6},"end":{"line":359,"column":28}},"type":"if","locations":[{"start":{"line":359,"column":6},"end":{"line":359,"column":28}},{"start":{},"end":{}}]},"57":{"loc":{"start":{"line":363,"column":8},"end":{"line":365,"column":9}},"type":"if","locations":[{"start":{"line":363,"column":8},"end":{"line":365,"column":9}},{"start":{},"end":{}}]},"58":{"loc":{"start":{"line":381,"column":8},"end":{"line":385,"column":10}},"type":"cond-expr","locations":[{"start":{"line":381,"column":15},"end":{"line":381,"column":18}},{"start":{"line":381,"column":8},"end":{"line":385,"column":10}}]},"59":{"loc":{"start":{"line":381,"column":8},"end":{"line":381,"column":18}},"type":"binary-expr","locations":[{"start":{"line":381,"column":8},"end":{"line":381,"column":18}},{"start":{"line":381,"column":8},"end":{"line":381,"column":18}}]},"60":{"loc":{"start":{"line":390,"column":8},"end":{"line":392,"column":9}},"type":"if","locations":[{"start":{"line":390,"column":8},"end":{"line":392,"column":9}},{"start":{},"end":{}}]},"61":{"loc":{"start":{"line":408,"column":6},"end":{"line":415,"column":7}},"type":"if","locations":[{"start":{"line":408,"column":6},"end":{"line":415,"column":7}},{"start":{},"end":{}}]},"62":{"loc":{"start":{"line":408,"column":10},"end":{"line":408,"column":61}},"type":"binary-expr","locations":[{"start":{"line":408,"column":10},"end":{"line":408,"column":15}},{"start":{"line":408,"column":19},"end":{"line":408,"column":29}},{"start":{"line":408,"column":33},"end":{"line":408,"column":40}},{"start":{"line":408,"column":44},"end":{"line":408,"column":61}}]},"63":{"loc":{"start":{"line":409,"column":8},"end":{"line":413,"column":10}},"type":"cond-expr","locations":[{"start":{"line":409,"column":15},"end":{"line":409,"column":18}},{"start":{"line":409,"column":8},"end":{"line":413,"column":10}}]},"64":{"loc":{"start":{"line":409,"column":8},"end":{"line":409,"column":18}},"type":"binary-expr","locations":[{"start":{"line":409,"column":8},"end":{"line":409,"column":18}},{"start":{"line":409,"column":8},"end":{"line":409,"column":18}}]},"65":{"loc":{"start":{"line":422,"column":8},"end":{"line":426,"column":10}},"type":"cond-expr","locations":[{"start":{"line":422,"column":15},"end":{"line":422,"column":18}},{"start":{"line":422,"column":8},"end":{"line":426,"column":10}}]},"66":{"loc":{"start":{"line":422,"column":8},"end":{"line":422,"column":18}},"type":"binary-expr","locations":[{"start":{"line":422,"column":8},"end":{"line":422,"column":18}},{"start":{"line":422,"column":8},"end":{"line":422,"column":18}}]},"67":{"loc":{"start":{"line":435,"column":29},"end":{"line":435,"column":94}},"type":"cond-expr","locations":[{"start":{"line":435,"column":54},"end":{"line":435,"column":67}},{"start":{"line":435,"column":70},"end":{"line":435,"column":94}}]},"68":{"loc":{"start":{"line":438,"column":8},"end":{"line":442,"column":10}},"type":"cond-expr","locations":[{"start":{"line":438,"column":15},"end":{"line":438,"column":18}},{"start":{"line":438,"column":8},"end":{"line":442,"column":10}}]},"69":{"loc":{"start":{"line":438,"column":8},"end":{"line":438,"column":18}},"type":"binary-expr","locations":[{"start":{"line":438,"column":8},"end":{"line":438,"column":18}},{"start":{"line":438,"column":8},"end":{"line":438,"column":18}}]},"70":{"loc":{"start":{"line":448,"column":6},"end":{"line":455,"column":7}},"type":"if","locations":[{"start":{"line":448,"column":6},"end":{"line":455,"column":7}},{"start":{},"end":{}}]},"71":{"loc":{"start":{"line":448,"column":10},"end":{"line":448,"column":61}},"type":"binary-expr","locations":[{"start":{"line":448,"column":10},"end":{"line":448,"column":15}},{"start":{"line":448,"column":19},"end":{"line":448,"column":29}},{"start":{"line":448,"column":33},"end":{"line":448,"column":40}},{"start":{"line":448,"column":44},"end":{"line":448,"column":61}}]},"72":{"loc":{"start":{"line":449,"column":8},"end":{"line":453,"column":10}},"type":"cond-expr","locations":[{"start":{"line":449,"column":15},"end":{"line":449,"column":18}},{"start":{"line":449,"column":8},"end":{"line":453,"column":10}}]},"73":{"loc":{"start":{"line":449,"column":8},"end":{"line":449,"column":18}},"type":"binary-expr","locations":[{"start":{"line":449,"column":8},"end":{"line":449,"column":18}},{"start":{"line":449,"column":8},"end":{"line":449,"column":18}}]},"74":{"loc":{"start":{"line":462,"column":8},"end":{"line":466,"column":10}},"type":"cond-expr","locations":[{"start":{"line":462,"column":15},"end":{"line":462,"column":18}},{"start":{"line":462,"column":8},"end":{"line":466,"column":10}}]},"75":{"loc":{"start":{"line":462,"column":8},"end":{"line":462,"column":18}},"type":"binary-expr","locations":[{"start":{"line":462,"column":8},"end":{"line":462,"column":18}},{"start":{"line":462,"column":8},"end":{"line":462,"column":18}}]},"76":{"loc":{"start":{"line":475,"column":29},"end":{"line":475,"column":96}},"type":"cond-expr","locations":[{"start":{"line":475,"column":54},"end":{"line":475,"column":67}},{"start":{"line":475,"column":70},"end":{"line":475,"column":96}}]},"77":{"loc":{"start":{"line":478,"column":8},"end":{"line":482,"column":10}},"type":"cond-expr","locations":[{"start":{"line":478,"column":15},"end":{"line":478,"column":18}},{"start":{"line":478,"column":8},"end":{"line":482,"column":10}}]},"78":{"loc":{"start":{"line":478,"column":8},"end":{"line":478,"column":18}},"type":"binary-expr","locations":[{"start":{"line":478,"column":8},"end":{"line":478,"column":18}},{"start":{"line":478,"column":8},"end":{"line":478,"column":18}}]},"79":{"loc":{"start":{"line":488,"column":6},"end":{"line":488,"column":70}},"type":"if","locations":[{"start":{"line":488,"column":6},"end":{"line":488,"column":70}},{"start":{},"end":{}}]},"80":{"loc":{"start":{"line":488,"column":10},"end":{"line":488,"column":61}},"type":"binary-expr","locations":[{"start":{"line":488,"column":10},"end":{"line":488,"column":15}},{"start":{"line":488,"column":19},"end":{"line":488,"column":29}},{"start":{"line":488,"column":33},"end":{"line":488,"column":40}},{"start":{"line":488,"column":44},"end":{"line":488,"column":61}}]},"81":{"loc":{"start":{"line":497,"column":25},"end":{"line":497,"column":83}},"type":"binary-expr","locations":[{"start":{"line":497,"column":25},"end":{"line":497,"column":47}},{"start":{"line":497,"column":51},"end":{"line":497,"column":83}}]},"82":{"loc":{"start":{"line":497,"column":25},"end":{"line":497,"column":47}},"type":"cond-expr","locations":[{"start":{"line":497,"column":36},"end":{"line":497,"column":38}},{"start":{"line":497,"column":25},"end":{"line":497,"column":47}}]},"83":{"loc":{"start":{"line":497,"column":25},"end":{"line":497,"column":38}},"type":"binary-expr","locations":[{"start":{"line":497,"column":25},"end":{"line":497,"column":38}},{"start":{"line":497,"column":25},"end":{"line":497,"column":38}}]},"84":{"loc":{"start":{"line":514,"column":0},"end":{"line":540,"column":1}},"type":"if","locations":[{"start":{"line":514,"column":0},"end":{"line":540,"column":1}},{"start":{},"end":{}}]},"85":{"loc":{"start":{"line":518,"column":6},"end":{"line":518,"column":28}},"type":"if","locations":[{"start":{"line":518,"column":6},"end":{"line":518,"column":28}},{"start":{},"end":{}}]},"86":{"loc":{"start":{"line":523,"column":8},"end":{"line":534,"column":9}},"type":"if","locations":[{"start":{"line":523,"column":8},"end":{"line":534,"column":9}},{"start":{"line":526,"column":15},"end":{"line":534,"column":9}}]}},"s":{"0":0,"1":0,"2":0,"3":0,"4":0,"5":0,"6":0,"7":0,"8":0,"9":0,"10":0,"11":0,"12":0,"13":0,"14":0,"15":0,"16":0,"17":0,"18":0,"19":0,"20":0,"21":0,"22":0,"23":0,"24":0,"25":0,"26":0,"27":0,"28":0,"29":0,"30":0,"31":0,"32":0,"33":0,"34":0,"35":0,"36":0,"37":0,"38":0,"39":0,"40":0,"41":0,"42":0,"43":0,"44":0,"45":0,"46":0,"47":0,"48":0,"49":0,"50":0,"51":0,"52":0,"53":0,"54":0,"55":0,"56":0,"57":0,"58":0,"59":0,"60":0,"61":0,"62":0,"63":0,"64":0,"65":0,"66":0,"67":0,"68":0,"69":0,"70":0,"71":0,"72":0,"73":0,"74":0,"75":0,"76":0,"77":0,"78":0,"79":0,"80":0,"81":0,"82":0,"83":0,"84":0,"85":0,"86":0,"87":0,"88":0,"89":0,"90":0,"91":0,"92":0,"93":0,"94":0,"95":0,"96":0,"97":0,"98":0,"99":0,"100":0,"101":0,"102":0,"103":0,"104":0,"105":0,"106":0,"107":0,"108":0,"109":0,"110":0,"111":0,"112":0,"113":0,"114":0,"115":0,"116":0,"117":0,"118":0,"119":0,"120":0,"121":0,"122":0,"123":0,"124":0,"125":0,"126":0,"127":0,"128":0,"129":0,"130":0,"131":0,"132":0,"133":0,"134":0,"135":0,"136":0,"137":0,"138":0,"139":0,"140":0,"141":0,"142":0,"143":0,"144":0,"145":0,"146":0,"147":0,"148":0,"149":0,"150":0,"151":0,"152":0,"153":0,"154":0,"155":0,"156":0,"157":0,"158":0,"159":0,"160":0,"161":0,"162":0,"163":0,"164":0,"165":0,"166":0},"f":{"0":0,"1":0,"2":0,"3":0,"4":0,"5":0,"6":0,"7":0,"8":0,"9":0,"10":0,"11":0,"12":0,"13":0,"14":0,"15":0,"16":0,"17":0,"18":0,"19":0,"20":0,"21":0,"22":0,"23":0,"24":0,"25":0,"26":0},"b":{"0":[0,0],"1":[0,0],"2":[0,0],"3":[0,0],"4":[0,0],"5":[0,0],"6":[0,0],"7":[0,0],"8":[0,0],"9":[0,0],"10":[0,0],"11":[0,0],"12":[0,0],"13":[0,0],"14":[0,0],"15":[0,0],"16":[0,0],"17":[0,0],"18":[0,0],"19":[0,0],"20":[0,0],"21":[0,0],"22":[0,0],"23":[0,0],"24":[0,0],"25":[0,0],"26":[0,0],"27":[0,0],"28":[0,0],"29":[0,0],"30":[0,0,0,0],"31":[0,0],"32":[0,0],"33":[0,0],"34":[0,0],"35":[0,0],"36":[0,0],"37":[0,0],"38":[0,0],"39":[0,0],"40":[0,0],"41":[0,0],"42":[0,0],"43":[0,0],"44":[0,0],"45":[0,0],"46":[0,0],"47":[0,0],"48":[0,0],"49":[0,0],"50":[0,0],"51":[0,0],"52":[0,0],"53":[0,0],"54":[0,0],"55":[0,0],"56":[0,0],"57":[0,0],"58":[0,0],"59":[0,0],"60":[0,0],"61":[0,0],"62":[0,0,0,0],"63":[0,0],"64":[0,0],"65":[0,0],"66":[0,0],"67":[0,0],"68":[0,0],"69":[0,0],"70":[0,0],"71":[0,0,0,0],"72":[0,0],"73":[0,0],"74":[0,0],"75":[0,0],"76":[0,0],"77":[0,0],"78":[0,0],"79":[0,0],"80":[0,0,0,0],"81":[0,0],"82":[0,0],"83":[0,0],"84":[0,0],"85":[0,0],"86":[0,0]}}
,"/home/vitalpointai/projects/near-login-with-staking/src/utils/chain-signature-contract.ts": {"path":"/home/vitalpointai/projects/near-login-with-staking/src/utils/chain-signature-contract.ts","statementMap":{"0":{"start":{"line":245,"column":0},"end":{"line":245,"column":16}},"1":{"start":{"line":29,"column":21},"end":{"line":29,"column":38}},"2":{"start":{"line":46,"column":4},"end":{"line":46,"column":33}},"3":{"start":{"line":47,"column":4},"end":{"line":47,"column":21}},"4":{"start":{"line":54,"column":20},"end":{"line":54,"column":60}},"5":{"start":{"line":56,"column":4},"end":{"line":67,"column":5}},"6":{"start":{"line":57,"column":21},"end":{"line":61,"column":8}},"7":{"start":{"line":63,"column":6},"end":{"line":63,"column":20}},"8":{"start":{"line":65,"column":6},"end":{"line":65,"column":63}},"9":{"start":{"line":66,"column":6},"end":{"line":66,"column":75}},"10":{"start":{"line":78,"column":20},"end":{"line":78,"column":60}},"11":{"start":{"line":80,"column":4},"end":{"line":98,"column":5}},"12":{"start":{"line":81,"column":21},"end":{"line":88,"column":8}},"13":{"start":{"line":90,"column":6},"end":{"line":92,"column":7}},"14":{"start":{"line":91,"column":8},"end":{"line":91,"column":35}},"15":{"start":{"line":94,"column":6},"end":{"line":94,"column":20}},"16":{"start":{"line":96,"column":6},"end":{"line":96,"column":64}},"17":{"start":{"line":97,"column":6},"end":{"line":97,"column":76}},"18":{"start":{"line":105,"column":4},"end":{"line":143,"column":5}},"19":{"start":{"line":106,"column":27},"end":{"line":128,"column":9}},"20":{"start":{"line":106,"column":59},"end":{"line":128,"column":8}},"21":{"start":{"line":130,"column":22},"end":{"line":132,"column":26}},"22":{"start":{"line":135,"column":25},"end":{"line":136,"column":null}},"23":{"start":{"line":136,"column":8},"end":{"line":136,"column":42}},"24":{"start":{"line":139,"column":6},"end":{"line":139,"column":24}},"25":{"start":{"line":141,"column":6},"end":{"line":141,"column":60}},"26":{"start":{"line":142,"column":6},"end":{"line":142,"column":71}},"27":{"start":{"line":150,"column":4},"end":{"line":180,"column":5}},"28":{"start":{"line":152,"column":19},"end":{"line":152,"column":58}},"29":{"start":{"line":154,"column":6},"end":{"line":169,"column":7}},"30":{"start":{"line":155,"column":8},"end":{"line":168,"column":9}},"31":{"start":{"line":156,"column":25},"end":{"line":156,"column":40}},"32":{"start":{"line":157,"column":10},"end":{"line":159,"column":11}},"33":{"start":{"line":158,"column":12},"end":{"line":158,"column":58}},"34":{"start":{"line":162,"column":10},"end":{"line":167,"column":11}},"35":{"start":{"line":163,"column":29},"end":{"line":163,"column":69}},"36":{"start":{"line":164,"column":12},"end":{"line":166,"column":13}},"37":{"start":{"line":165,"column":14},"end":{"line":165,"column":55}},"38":{"start":{"line":172,"column":6},"end":{"line":174,"column":7}},"39":{"start":{"line":173,"column":8},"end":{"line":173,"column":50}},"40":{"start":{"line":176,"column":6},"end":{"line":176,"column":60}},"41":{"start":{"line":178,"column":6},"end":{"line":178,"column":61}},"42":{"start":{"line":179,"column":6},"end":{"line":179,"column":69}},"43":{"start":{"line":188,"column":21},"end":{"line":188,"column":71}},"44":{"start":{"line":190,"column":4},"end":{"line":192,"column":5}},"45":{"start":{"line":191,"column":6},"end":{"line":191,"column":70}},"46":{"start":{"line":194,"column":14},"end":{"line":194,"column":35}},"47":{"start":{"line":195,"column":14},"end":{"line":195,"column":37}},"48":{"start":{"line":196,"column":14},"end":{"line":196,"column":52}},"49":{"start":{"line":198,"column":4},"end":{"line":198,"column":23}},"50":{"start":{"line":205,"column":4},"end":{"line":207,"column":16}},"51":{"start":{"line":206,"column":19},"end":{"line":206,"column":53}},"52":{"start":{"line":218,"column":4},"end":{"line":218,"column":98}},"53":{"start":{"line":225,"column":4},"end":{"line":230,"column":5}},"54":{"start":{"line":226,"column":6},"end":{"line":226,"column":47}},"55":{"start":{"line":229,"column":6},"end":{"line":229,"column":58}},"56":{"start":{"line":37,"column":0},"end":{"line":37,"column":13}},"57":{"start":{"line":237,"column":13},"end":{"line":240,"column":11}},"58":{"start":{"line":250,"column":21},"end":{"line":250,"column":65}},"59":{"start":{"line":251,"column":2},"end":{"line":251,"column":65}}},"fnMap":{"0":{"name":"(anonymous_7)","decl":{"start":{"line":41,"column":2},"end":{"line":41,"column":null}},"loc":{"start":{"line":44,"column":22},"end":{"line":48,"column":3}}},"1":{"name":"(anonymous_8)","decl":{"start":{"line":53,"column":8},"end":{"line":53,"column":26}},"loc":{"start":{"line":53,"column":26},"end":{"line":68,"column":null}}},"2":{"name":"(anonymous_10)","decl":{"start":{"line":73,"column":8},"end":{"line":73,"column":27}},"loc":{"start":{"line":77,"column":3},"end":{"line":99,"column":null}}},"3":{"name":"(anonymous_12)","decl":{"start":{"line":104,"column":8},"end":{"line":104,"column":12}},"loc":{"start":{"line":104,"column":27},"end":{"line":144,"column":null}}},"4":{"name":"(anonymous_14)","decl":{"start":{"line":106,"column":45},"end":{"line":106,"column":46}},"loc":{"start":{"line":106,"column":59},"end":{"line":128,"column":8}}},"5":{"name":"(anonymous_15)","decl":{"start":{"line":135,"column":37},"end":{"line":135,"column":38}},"loc":{"start":{"line":136,"column":8},"end":{"line":136,"column":42}}},"6":{"name":"(anonymous_16)","decl":{"start":{"line":149,"column":10},"end":{"line":149,"column":35}},"loc":{"start":{"line":149,"column":52},"end":{"line":181,"column":3}}},"7":{"name":"(anonymous_17)","decl":{"start":{"line":186,"column":10},"end":{"line":186,"column":25}},"loc":{"start":{"line":186,"column":40},"end":{"line":199,"column":3}}},"8":{"name":"(anonymous_18)","decl":{"start":{"line":204,"column":10},"end":{"line":204,"column":25}},"loc":{"start":{"line":204,"column":43},"end":{"line":208,"column":3}}},"9":{"name":"(anonymous_19)","decl":{"start":{"line":206,"column":11},"end":{"line":206,"column":15}},"loc":{"start":{"line":206,"column":19},"end":{"line":206,"column":53}}},"10":{"name":"(anonymous_20)","decl":{"start":{"line":213,"column":2},"end":{"line":213,"column":8}},"loc":{"start":{"line":216,"column":34},"end":{"line":219,"column":3}}},"11":{"name":"(anonymous_21)","decl":{"start":{"line":224,"column":2},"end":{"line":224,"column":8}},"loc":{"start":{"line":224,"column":42},"end":{"line":231,"column":3}}},"12":{"name":"createChainSignatureContract","decl":{"start":{"line":245,"column":16},"end":{"line":245,"column":44}},"loc":{"start":{"line":248,"column":27},"end":{"line":252,"column":1}}}},"branchMap":{"0":{"loc":{"start":{"line":90,"column":6},"end":{"line":92,"column":7}},"type":"if","locations":[{"start":{"line":90,"column":6},"end":{"line":92,"column":7}},{"start":{},"end":{}}]},"1":{"loc":{"start":{"line":120,"column":29},"end":{"line":120,"column":61}},"type":"cond-expr","locations":[{"start":{"line":120,"column":56},"end":{"line":120,"column":57}},{"start":{"line":120,"column":60},"end":{"line":120,"column":61}}]},"2":{"loc":{"start":{"line":152,"column":19},"end":{"line":152,"column":58}},"type":"binary-expr","locations":[{"start":{"line":152,"column":19},"end":{"line":152,"column":52}},{"start":{"line":152,"column":56},"end":{"line":152,"column":58}}]},"3":{"loc":{"start":{"line":152,"column":19},"end":{"line":152,"column":52}},"type":"cond-expr","locations":[{"start":{"line":152,"column":46},"end":{"line":152,"column":48}},{"start":{"line":152,"column":46},"end":{"line":152,"column":52}}]},"4":{"loc":{"start":{"line":152,"column":19},"end":{"line":152,"column":48}},"type":"binary-expr","locations":[{"start":{"line":152,"column":19},"end":{"line":152,"column":48}},{"start":{"line":152,"column":46},"end":{"line":152,"column":48}}]},"5":{"loc":{"start":{"line":152,"column":19},"end":{"line":152,"column":46}},"type":"cond-expr","locations":[{"start":{"line":152,"column":37},"end":{"line":152,"column":39}},{"start":{"line":152,"column":37},"end":{"line":152,"column":46}}]},"6":{"loc":{"start":{"line":152,"column":19},"end":{"line":152,"column":39}},"type":"binary-expr","locations":[{"start":{"line":152,"column":19},"end":{"line":152,"column":39}},{"start":{"line":152,"column":37},"end":{"line":152,"column":39}}]},"7":{"loc":{"start":{"line":157,"column":10},"end":{"line":159,"column":11}},"type":"if","locations":[{"start":{"line":157,"column":10},"end":{"line":159,"column":11}},{"start":{},"end":{}}]},"8":{"loc":{"start":{"line":162,"column":10},"end":{"line":167,"column":11}},"type":"if","locations":[{"start":{"line":162,"column":10},"end":{"line":167,"column":11}},{"start":{},"end":{}}]},"9":{"loc":{"start":{"line":164,"column":12},"end":{"line":166,"column":13}},"type":"if","locations":[{"start":{"line":164,"column":12},"end":{"line":166,"column":13}},{"start":{},"end":{}}]},"10":{"loc":{"start":{"line":172,"column":6},"end":{"line":174,"column":7}},"type":"if","locations":[{"start":{"line":172,"column":6},"end":{"line":174,"column":7}},{"start":{},"end":{}}]},"11":{"loc":{"start":{"line":188,"column":21},"end":{"line":188,"column":71}},"type":"cond-expr","locations":[{"start":{"line":188,"column":47},"end":{"line":188,"column":62}},{"start":{"line":188,"column":65},"end":{"line":188,"column":71}}]},"12":{"loc":{"start":{"line":190,"column":4},"end":{"line":192,"column":5}},"type":"if","locations":[{"start":{"line":190,"column":4},"end":{"line":192,"column":5}},{"start":{},"end":{}}]},"13":{"loc":{"start":{"line":216,"column":4},"end":{"line":216,"column":34}},"type":"default-arg","locations":[{"start":{"line":216,"column":24},"end":{"line":216,"column":34}}]},"14":{"loc":{"start":{"line":225,"column":4},"end":{"line":230,"column":5}},"type":"if","locations":[{"start":{"line":225,"column":4},"end":{"line":230,"column":5}},{"start":{"line":227,"column":11},"end":{"line":230,"column":5}}]},"15":{"loc":{"start":{"line":250,"column":21},"end":{"line":250,"column":65}},"type":"binary-expr","locations":[{"start":{"line":250,"column":21},"end":{"line":250,"column":37}},{"start":{"line":250,"column":41},"end":{"line":250,"column":65}}]}},"s":{"0":1,"1":1,"2":15,"3":15,"4":4,"5":4,"6":4,"7":2,"8":2,"9":2,"10":4,"11":4,"12":4,"13":2,"14":1,"15":1,"16":2,"17":2,"18":3,"19":3,"20":3,"21":3,"22":2,"23":2,"24":0,"25":3,"26":3,"27":2,"28":2,"29":2,"30":2,"31":2,"32":1,"33":1,"34":2,"35":1,"36":1,"37":1,"38":1,"39":1,"40":0,"41":2,"42":2,"43":3,"44":3,"45":3,"46":0,"47":0,"48":0,"49":0,"50":3,"51":11,"52":2,"53":1,"54":1,"55":0,"56":1,"57":1,"58":3,"59":3},"f":{"0":15,"1":4,"2":4,"3":3,"4":3,"5":2,"6":2,"7":3,"8":3,"9":11,"10":2,"11":1,"12":3},"b":{"0":[1,1],"1":[1,2],"2":[2,0],"3":[0,2],"4":[2,2],"5":[0,2],"6":[2,2],"7":[1,0],"8":[1,1],"9":[1,0],"10":[1,0],"11":[0,3],"12":[3,0],"13":[1],"14":[1,0],"15":[3,2]}}
[...]
":{"0":{"name":"(anonymous_8)","decl":{"start":{"line":51,"column":10},"end":{"line":51,"column":35}},"loc":{"start":{"line":51,"column":35},"end":{"line":80,"column":3}}},"1":{"name":"(anonymous_9)","decl":{"start":{"line":82,"column":10},"end":{"line":82,"column":20}},"loc":{"start":{"line":82,"column":32},"end":{"line":90,"column":3}}},"2":{"name":"(anonymous_10)","decl":{"start":{"line":92,"column":10},"end":{"line":92,"column":23}},"loc":{"start":{"line":92,"column":23},"end":{"line":102,"column":3}}},"3":{"name":"(anonymous_11)","decl":{"start":{"line":95,"column":27},"end":{"line":95,"column":30}},"loc":{"start":{"line":95,"column":32},"end":{"line":97,"column":5}}},"4":{"name":"(anonymous_12)","decl":{"start":{"line":99,"column":84},"end":{"line":99,"column":89}},"loc":{"start":{"line":99,"column":92},"end":{"line":101,"column":5}}},"5":{"name":"(anonymous_13)","decl":{"start":{"line":104,"column":10},"end":{"line":104,"column":30}},"loc":{"start":{"line":104,"column":30},"end":{"line":110,"column":3}}},"6":{"name":"(anonymous_14)","decl":{"start":{"line":107,"column":39},"end":{"line":107,"column":42}},"loc":{"start":{"line":107,"column":44},"end":{"line":109,"column":5}}},"7":{"name":"(anonymous_15)","decl":{"start":{"line":112,"column":10},"end":{"line":112,"column":29}},"loc":{"start":{"line":112,"column":29},"end":{"line":117,"column":3}}},"8":{"name":"(anonymous_16)","decl":{"start":{"line":119,"column":10},"end":{"line":119,"column":17}},"loc":{"start":{"line":119,"column":30},"end":{"line":130,"column":3}}},"9":{"name":"(anonymous_17)","decl":{"start":{"line":132,"column":10},"end":{"line":132,"column":17}},"loc":{"start":{"line":132,"column":39},"end":{"line":147,"column":3}}},"10":{"name":"(anonymous_18)","decl":{"start":{"line":149,"column":10},"end":{"line":149,"column":26}},"loc":{"start":{"line":149,"column":26},"end":{"line":155,"column":3}}},"11":{"name":"(anonymous_19)","decl":{"start":{"line":157,"column":10},"end":{"line":157,"column":20}},"loc":{"start":{"line":157,"column":20},"end":{"line":160,"column":3}}},"12":{"name":"(anonymous_20)","decl":{"start":{"line":162,"column":10},"end":{"line":162,"column":33}},"loc":{"start":{"line":162,"column":62},"end":{"line":173,"column":3}}},"13":{"name":"(anonymous_21)","decl":{"start":{"line":175,"column":9},"end":{"line":175,"column":20}},"loc":{"start":{"line":175,"column":45},"end":{"line":205,"column":3}}},"14":{"name":"(anonymous_22)","decl":{"start":{"line":207,"column":9},"end":{"line":207,"column":19}},"loc":{"start":{"line":207,"column":19},"end":{"line":233,"column":3}}},"15":{"name":"(anonymous_23)","decl":{"start":{"line":235,"column":9},"end":{"line":235,"column":21}},"loc":{"start":{"line":235,"column":21},"end":{"line":245,"column":3}}},"16":{"name":"(anonymous_24)","decl":{"start":{"line":247,"column":9},"end":{"line":247,"column":24}},"loc":{"start":{"line":247,"column":24},"end":{"line":250,"column":3}}},"17":{"name":"(anonymous_25)","decl":{"start":{"line":252,"column":9},"end":{"line":252,"column":23}},"loc":{"start":{"line":252,"column":23},"end":{"line":254,"column":3}}},"18":{"name":"(anonymous_26)","decl":{"start":{"line":256,"column":9},"end":{"line":256,"column":22}},"loc":{"start":{"line":260,"column":20},"end":{"line":285,"column":3}}},"19":{"name":"(anonymous_27)","decl":{"start":{"line":287,"column":10},"end":{"line":287,"column":29}},"loc":{"start":{"line":287,"column":54},"end":{"line":362,"column":3}}},"20":{"name":"(anonymous_28)","decl":{"start":{"line":364,"column":10},"end":{"line":364,"column":27}},"loc":{"start":{"line":364,"column":27},"end":{"line":366,"column":3}}},"21":{"name":"(anonymous_29)","decl":{"start":{"line":368,"column":10},"end":{"line":368,"column":33}},"loc":{"start":{"line":368,"column":58},"end":{"line":386,"column":3}}},"22":{"name":"(anonymous_30)","decl":{"start":{"line":388,"column":9},"end":{"line":388,"column":23}},"loc":{"start":{"line":388,"column":23},"end":{"line":401,"column":3}}},"23":{"name":"(anonymous_31)","decl":{"start":{"line":403,"column":9},"end":{"line":403,"column":23}},"loc":{"start":{"line":403,"column":23},"end":{"line":412,"column":3}}},"24":{"name":"(anonymous_32)","decl":{"start":{"line":414,"column":15},"end":{"line":414,"column":34}},"loc":{"start":{"line":414,"column":34},"end":{"line":435,"column":null}}},"25":{"name":"(anonymous_34)","decl":{"start":{"line":437,"column":9},"end":{"line":437,"column":16}},"loc":{"start":{"line":437,"column":16},"end":{"line":440,"column":3}}}},"branchMap":{"0":{"loc":{"start":{"line":15,"column":4},"end":{"line":15,"column":38}},"type":"default-arg","locations":[{"start":{"line":15,"column":36},"end":{"line":15,"column":38}}]},"1":{"loc":{"start":{"line":18,"column":14},"end":{"line":18,"column":66}},"type":"binary-expr","locations":[{"start":{"line":18,"column":14},"end":{"line":18,"column":22}},{"start":{"line":18,"column":26},"end":{"line":18,"column":39}},{"start":{"line":18,"column":43},"end":{"line":18,"column":66}}]},"2":{"loc":{"start":{"line":19,"column":19},"end":{"line":19,"column":60}},"type":"binary-expr","locations":[{"start":{"line":19,"column":19},"end":{"line":19,"column":37}},{"start":{"line":19,"column":41},"end":{"line":19,"column":60}}]},"3":{"loc":{"start":{"line":21,"column":28},"end":{"line":21,"column":64}},"type":"binary-expr","locations":[{"start":{"line":21,"column":28},"end":{"line":21,"column":55}},{"start":{"line":21,"column":59},"end":{"line":21,"column":64}}]},"4":{"loc":{"start":{"line":22,"column":16},"end":{"line":22,"column":40}},"type":"binary-expr","locations":[{"start":{"line":22,"column":16},"end":{"line":22,"column":31}},{"start":{"line":22,"column":35},"end":{"line":22,"column":40}}]},"5":{"loc":{"start":{"line":24,"column":20},"end":{"line":24,"column":48}},"type":"binary-expr","locations":[{"start":{"line":24,"column":20},"end":{"line":24,"column":39}},{"start":{"line":24,"column":43},"end":{"line":24,"column":48}}]},"6":{"loc":{"start":{"line":27,"column":21},"end":{"line":27,"column":50}},"type":"binary-expr","locations":[{"start":{"line":27,"column":21},"end":{"line":27,"column":41}},{"start":{"line":27,"column":45},"end":{"line":27,"column":50}}]},"7":{"loc":{"start":{"line":28,"column":25},"end":{"line":28,"column":58}},"type":"binary-expr","locations":[{"start":{"line":28,"column":25},"end":{"line":28,"column":49}},{"start":{"line":28,"column":53},"end":{"line":28,"column":58}}]},"8":{"loc":{"start":{"line":33,"column":4},"end":{"line":35,"column":5}},"type":"if","locations":[{"start":{"line":33,"column":4},"end":{"line":35,"column":5}},{"start":{},"end":{}}]},"9":{"loc":{"start":{"line":38,"column":4},"end":{"line":40,"column":5}},"type":"if","locations":[{"start":{"line":38,"column":4},"end":{"line":40,"column":5}},{"start":{},"end":{}}]},"10":{"loc":{"start":{"line":43,"column":4},"end":{"line":45,"column":5}},"type":"if","locations":[{"start":{"line":43,"column":4},"end":{"line":45,"column":5}},{"start":{},"end":{}}]},"11":{"loc":{"start":{"line":52,"column":4},"end":{"line":52,"column":60}},"type":"if","locations":[{"start":{"line":52,"column":4},"end":{"line":52,"column":60}},{"start":{},"end":{}}]},"12":{"loc":{"start":{"line":57,"column":6},"end":{"line":61,"column":7}},"type":"if","locations":[{"start":{"line":57,"column":6},"end":{"line":61,"column":7}},{"start":{},"end":{}}]},"13":{"loc":{"start":{"line":69,"column":8},"end":{"line":69,"column":42}},"type":"binary-expr","locations":[{"start":{"line":69,"column":8},"end":{"line":69,"column":37}},{"start":{"line":69,"column":41},"end":{"line":69,"column":42}}]},"14":{"loc":{"start":{"line":93,"column":4},"end":{"line":93,"column":46}},"type":"if","locations":[{"start":{"line":93,"column":4},"end":{"line":93,"column":46}},{"start":{},"end":{}}]},"15":{"loc":{"start":{"line":105,"column":4},"end":{"line":105,"column":46}},"type":"if","locations":[{"start":{"line":105,"column":4},"end":{"line":105,"column":46}},{"start":{},"end":{}}]},"16":{"loc":{"start":{"line":113,"column":4},"end":{"line":116,"column":5}},"type":"if","locations":[{"start":{"line":113,"column":4},"end":{"line":116,"column":5}},{"start":{},"end":{}}]},"17":{"loc":{"start":{"line":120,"column":4},"end":{"line":120,"column":49}},"type":"if","locations":[{"start":{"line":120,"column":4},"end":{"line":120,"column":49}},{"start":{},"end":{}}]},"18":{"loc":{"start":{"line":133,"column":4},"end":{"line":133,"column":58}},"type":"if","locations":[{"start":{"line":133,"column":4},"end":{"line":133,"column":58}},{"start":{},"end":{}}]},"19":{"loc":{"start":{"line":153,"column":23},"end":{"line":153,"column":58}},"type":"binary-expr","locations":[{"start":{"line":153,"column":23},"end":{"line":153,"column":45}},{"start":{"line":153,"column":49},"end":{"line":153,"column":58}}]},"20":{"loc":{"start":{"line":158,"column":4},"end":{"line":158,"column":51}},"type":"if","locations":[{"start":{"line":158,"column":4},"end":{"line":158,"column":51}},{"start":{},"end":{}}]},"21":{"loc":{"start":{"line":159,"column":11},"end":{"line":159,"column":68}},"type":"cond-expr","locations":[{"start":{"line":159,"column":39},"end":{"line":159,"column":53}},{"start":{"line":159,"column":56},"end":{"line":159,"column":68}}]},"22":{"loc":{"start":{"line":165,"column":4},"end":{"line":167,"column":5}},"type":"if","locations":[{"start":{"line":165,"column":4},"end":{"line":167,"column":5}},{"start":{},"end":{}}]},"23":{"loc":{"start":{"line":170,"column":4},"end":{"line":172,"column":5}},"type":"if","locations":[{"start":{"line":170,"column":4},"end":{"line":172,"column":5}},{"start":{},"end":{}}]},"24":{"loc":{"start":{"line":178,"column":6},"end":{"line":178,"column":33}},"type":"if","locations":[{"start":{"line":178,"column":6},"end":{"line":178,"column":33}},{"start":{},"end":{}}]},"25":{"loc":{"start":{"line":185,"column":27},"end":{"line":185,"column":96}},"type":"cond-expr","locations":[{"start":{"line":185,"column":62},"end":{"line":185,"column":84}},{"start":{"line":185,"column":87},"end":{"line":185,"column":96}}]},"26":{"loc":{"start":{"line":186,"column":19},"end":{"line":186,"column":78}},"type":"cond-expr","locations":[{"start":{"line":186,"column":42},"end":{"line":186,"column":66}},{"start":{"line":186,"column":69},"end":{"line":186,"column":78}}]},"27":{"loc":{"start":{"line":187,"column":19},"end":{"line":187,"column":68}},"type":"binary-expr","locations":[{"start":{"line":187,"column":19},"end":{"line":187,"column":40}},{"start":{"line":187,"column":44},"end":{"line":187,"column":68}}]},"28":{"loc":{"start":{"line":196,"column":6},"end":{"line":198,"column":7}},"type":"if","locations":[{"start":{"line":196,"column":6},"end":{"line":198,"column":7}},{"start":{},"end":{}}]},"29":{"loc":{"start":{"line":210,"column":6},"end":{"line":210,"column":32}},"type":"if","locations":[{"start":{"line":210,"column":6},"end":{"line":210,"column":32}},{"start":{},"end":{}}]},"30":{"loc":{"start":{"line":213,"column":6},"end":{"line":213,"column":38}},"type":"if","locations":[{"start":{"line":213,"column":6},"end":{"line":213,"column":38}},{"start":{},"end":{}}]},"31":{"loc":{"start":{"line":216,"column":6},"end":{"line":216,"column":35}},"type":"if","locations":[{"start":{"line":216,"column":6},"end":{"line":216,"column":35}},{"start":{},"end":{}}]},"32":{"loc":{"start":{"line":222,"column":6},"end":{"line":225,"column":7}},"type":"if","locations":[{"start":{"line":222,"column":6},"end":{"line":225,"column":7}},{"start":{},"end":{}}]},"33":{"loc":{"start":{"line":238,"column":6},"end":{"line":240,"column":7}},"type":"if","locations":[{"start":{"line":238,"column":6},"end":{"line":240,"column":7}},{"start":{},"end":{}}]},"34":{"loc":{"start":{"line":267,"column":24},"end":{"line":267,"column":69}},"type":"binary-expr","locations":[{"start":{"line":267,"column":24},"end":{"line":267,"column":42}},{"start":{"line":267,"column":46},"end":{"line":267,"column":69}}]},"35":{"loc":{"start":{"line":272,"column":25},"end":{"line":272,"column":94}},"type":"cond-expr","locations":[{"start":{"line":272,"column":60},"end":{"line":272,"column":82}},{"start":{"line":272,"column":85},"end":{"line":272,"column":94}}]},"36":{"loc":{"start":{"line":273,"column":17},"end":{"line":273,"column":76}},"type":"cond-expr","locations":[{"start":{"line":273,"column":40},"end":{"line":273,"column":64}},{"start":{"line":273,"column":67},"end":{"line":273,"column":76}}]},"37":{"loc":{"start":{"line":291,"column":4},"end":{"line":302,"column":5}},"type":"if","locations":[{"start":{"line":291,"column":4},"end":{"line":302,"column":5}},{"start":{},"end":{}}]},"38":{"loc":{"start":{"line":291,"column":8},"end":{"line":291,"column":51}},"type":"binary-expr","locations":[{"start":{"line":291,"column":8},"end":{"line":291,"column":26}},{"start":{"line":291,"column":30},"end":{"line":291,"column":51}}]},"39":{"loc":{"start":{"line":292,"column":6},"end":{"line":301,"column":7}},"type":"if","locations":[{"start":{"line":292,"column":6},"end":{"line":301,"column":7}},{"start":{},"end":{}}]},"40":{"loc":{"start":{"line":305,"column":4},"end":{"line":316,"column":5}},"type":"if","locations":[{"start":{"line":305,"column":4},"end":{"line":316,"column":5}},{"start":{},"end":{}}]},"41":{"loc":{"start":{"line":305,"column":8},"end":{"line":305,"column":59}},"type":"binary-expr","locations":[{"start":{"line":305,"column":8},"end":{"line":305,"column":31}},{"start":{"line":305,"column":35},"end":{"line":305,"column":59}}]},"42":{"loc":{"start":{"line":306,"column":6},"end":{"line":315,"column":7}},"type":"if","locations":[{"start":{"line":306,"column":6},"end":{"line":315,"column":7}},{"start":{},"end":{}}]},"43":{"loc":{"start":{"line":319,"column":4},"end":{"line":330,"column":5}},"type":"if","locations":[{"start":{"line":319,"column":4},"end":{"line":330,"column":5}},{"start":{},"end":{}}]},"44":{"loc":{"start":{"line":319,"column":8},"end":{"line":319,"column":73}},"type":"binary-expr","locations":[{"start":{"line":319,"column":8},"end":{"line":319,"column":40}},{"start":{"line":319,"column":44},"end":{"line":319,"column":73}}]},"45":{"loc":{"start":{"line":320,"column":6},"end":{"line":329,"column":7}},"type":"if","locations":[{"start":{"line":320,"column":6},"end":{"line":329,"column":7}},{"start":{},"end":{}}]},"46":{"loc":{"start":{"line":320,"column":10},"end":{"line":320,"column":92}},"type":"binary-expr","locations":[{"start":{"line":320,"column":10},"end":{"line":320,"column":32}},{"start":{"line":320,"column":36},"end":{"line":320,"column":92}}]},"47":{"loc":{"start":{"line":333,"column":4},"end":{"line":345,"column":5}},"type":"if","locations":[{"start":{"line":333,"column":4},"end":{"line":345,"column":5}},{"start":{},"end":{}}]},"48":{"loc":{"start":{"line":333,"column":8},"end":{"line":333,"column":53}},"type":"binary-expr","locations":[{"start":{"line":333,"column":8},"end":{"line":333,"column":28}},{"start":{"line":333,"column":32},"end":{"line":333,"column":53}}]},"49":{"loc":{"start":{"line":335,"column":6},"end":{"line":344,"column":7}},"type":"if","locations":[{"start":{"line":335,"column":6},"end":{"line":344,"column":7}},{"start":{},"end":{}}]},"50":{"loc":{"start":{"line":348,"column":4},"end":{"line":359,"column":5}},"type":"if","locations":[{"start":{"line":348,"column":4},"end":{"line":359,"column":5}},{"start":{},"end":{}}]},"51":{"loc":{"start":{"line":348,"column":8},"end":{"line":348,"column":58}},"type":"binary-expr","locations":[{"start":{"line":348,"column":8},"end":{"line":348,"column":33}},{"start":{"line":348,"column":37},"end":{"line":348,"column":58}}]},"52":{"loc":{"start":{"line":349,"column":6},"end":{"line":358,"column":7}},"type":"if","locations":[{"start":{"line":349,"column":6},"end":{"line":358,"column":7}},{"start":{},"end":{}}]},"53":{"loc":{"start":{"line":372,"column":4},"end":{"line":372,"column":25}},"type":"if","locations":[{"start":{"line":372,"column":4},"end":{"line":372,"column":25}},{"start":{},"end":{}}]},"54":{"loc":{"start":{"line":377,"column":4},"end":{"line":383,"column":5}},"type":"if","locations":[{"start":{"line":377,"column":4},"end":{"line":383,"column":5}},{"start":{},"end":{}}]},"55":{"loc":{"start":{"line":377,"column":8},"end":{"line":377,"column":59}},"type":"binary-expr","locations":[{"start":{"line":377,"column":8},"end":{"line":377,"column":21}},{"start":{"line":377,"column":25},"end":{"line":377,"column":59}}]},"56":{"loc":{"start":{"line":390,"column":4},"end":{"line":390,"column":31}},"type":"if","locations":[{"start":{"line":390,"column":4},"end":{"line":390,"column":31}},{"start":{},"end":{}}]},"57":{"loc":{"start":{"line":396,"column":4},"end":{"line":398,"column":5}},"type":"if","locations":[{"start":{"line":396,"column":4},"end":{"line":398,"column":5}},{"start":{},"end":{}}]},"58":{"loc":{"start":{"line":408,"column":4},"end":{"line":411,"column":5}},"type":"if","locations":[{"start":{"line":408,"column":4},"end":{"line":411,"column":5}},{"start":{},"end":{}}]},"59":{"loc":{"start":{"line":415,"column":4},"end":{"line":415,"column":54}},"type":"if","locations":[{"start":{"line":415,"column":4},"end":{"line":415,"column":54}},{"start":{},"end":{}}]},"60":{"loc":{"start":{"line":419,"column":6},"end":{"line":419,"column":33}},"type":"if","locations":[{"start":{"line":419,"column":6},"end":{"line":419,"column":33}},{"start":{},"end":{}}]},"61":{"loc":{"start":{"line":426,"column":21},"end":{"line":426,"column":44}},"type":"cond-expr","locations":[{"start":{"line":426,"column":33},"end":{"line":426,"column":35}},{"start":{"line":426,"column":33},"end":{"line":426,"column":44}}]},"62":{"loc":{"start":{"line":426,"column":21},"end":{"line":426,"column":35}},"type":"binary-expr","locations":[{"start":{"line":426,"column":21},"end":{"line":426,"column":35}},{"start":{"line":426,"column":33},"end":{"line":426,"column":35}}]}},"s":{"0":0,"1":0,"2":0,"3":0,"4":0,"5":0,"6":0,"7":0,"8":0,"9":0,"10":0,"11":0,"12":0,"13":0,"14":0,"15":0,"16":0,"17":0,"18":0,"19":0,"20":0,"21":0,"22":0,"23":0,"24":0,"25":0,"26":0,"27":0,"28":0,"29":0,"30":0,"31":0,"32":0,"33":0,"34":0,"35":0,"36":0,"37":0,"38":0,"39":0,"40":0,"41":0,"42":0,"43":0,"44":0,"45":0,"46":0,"47":0,"48":0,"49":0,"50":0,"51":0,"52":0,"53":0,"54":0,"55":0,"56":0,"57":0,"58":0,"59":0,"60":0,"61":0,"62":0,"63":0,"64":0,"65":0,"66":0,"67":0,"68":0,"69":0,"70":0,"71":0,"72":0,"73":0,"74":0,"75":0,"76":0,"77":0,"78":0,"79":0,"80":0,"81":0,"82":0,"83":0,"84":0,"85":0,"86":0,"87":0,"88":0,"89":0,"90":0,"91":0,"92":0,"93":0,"94":0,"95":0,"96":0,"97":0,"98":0,"99":0,"100":0,"101":0,"102":0,"103":0,"104":0,"105":0,"106":0,"107":0,"108":0,"109":0,"110":0,"111":0,"112":0,"113":0,"114":0,"115":0,"116":0,"117":0,"118":0,"119":0,"120":0,"121":0,"122":0,"123":0,"124":0,"125":0,"126":0,"127":0,"128":0,"129":0,"130":0,"131":0,"132":0,"133":0,"134":0,"135":0,"136":0,"137":0,"138":0,"139":0,"140":0,"141":0,"142":0,"143":0,"144":0,"145":0,"146":0,"147":0,"148":0,"149":0,"150":0,"151":0,"152":0,"153":0,"154":0,"155":0,"156":0,"157":0,"158":0,"159":0,"160":0,"161":0,"162":0,"163":0,"164":0,"165":0,"166":0,"167":0,"168":0,"169":0,"170":0,"171":0,"172":0,"173":0,"174":0},"f":{"0":0,"1":0,"2":0,"3":0,"4":0,"5":0,"6":0,"7":0,"8":0,"9":0,"10":0,"11":0,"12":0,"13":0,"14":0,"15":0,"16":0,"17":0,"18":0,"19":0,"20":0,"21":0,"22":0,"23":0,"24":0,"25":0},"b":{"0":[0],"1":[0,0,0],"2":[0,0],"3":[0,0],"4":[0,0],"5":[0,0],"6":[0,0],"7":[0,0],"8":[0,0],"9":[0,0],"10":[0,0],"11":[0,0],"12":[0,0],"13":[0,0],"14":[0,0],"15":[0,0],"16":[0,0],"17":[0,0],"18":[0,0],"19":[0,0],"20":[0,0],"21":[0,0],"22":[0,0],"23":[0,0],"24":[0,0],"25":[0,0],"26":[0,0],"27":[0,0],"28":[0,0],"29":[0,0],"30":[0,0],"31":[0,0],"32":[0,0],"33":[0,0],"34":[0,0],"35":[0,0],"36":[0,0],"37":[0,0],"38":[0,0],"39":[0,0],"40":[0,0],"41":[0,0],"42":[0,0],"43":[0,0],"44":[0,0],"45":[0,0],"46":[0,0],"47":[0,0],"48":[0,0],"49":[0,0],"50":[0,0],"51":[0,0],"52":[0,0],"53":[0,0],"54":[0,0],"55":[0,0],"56":[0,0],"57":[0,0],"58":[0,0],"59":[0,0],"60":[0,0],"61":[0,0],"62":[0,0]}}
}
