TN:
SF:src/hooks/useMultiChainAuth.ts
FN:54,useMultiChainAuth
FN:73,(anonymous_8)
FN:74,(anonymous_9)
FN:78,(anonymous_10)
FN:102,(anonymous_11)
FN:109,(anonymous_12)
FN:109,(anonymous_13)
FN:119,(anonymous_14)
FN:119,(anonymous_15)
FN:130,(anonymous_16)
FN:130,(anonymous_17)
FN:141,(anonymous_18)
FN:159,(anonymous_19)
FN:159,(anonymous_20)
FN:170,(anonymous_21)
FN:170,(anonymous_22)
FN:181,(anonymous_23)
FN:186,(anonymous_24)
FN:191,(anonymous_25)
FN:196,(anonymous_26)
FN:196,(anonymous_27)
FN:206,(anonymous_28)
FN:211,(anonymous_29)
FN:213,(anonymous_30)
FN:214,(anonymous_31)
FN:217,(anonymous_32)
FN:222,(anonymous_33)
FN:260,useSimpleMultiChainAuth
FNF:28
FNH:0
FNDA:0,useMultiChainAuth
FNDA:0,(anonymous_8)
FNDA:0,(anonymous_9)
FNDA:0,(anonymous_10)
FNDA:0,(anonymous_11)
FNDA:0,(anonymous_12)
FNDA:0,(anonymous_13)
FNDA:0,(anonymous_14)
FNDA:0,(anonymous_15)
FNDA:0,(anonymous_16)
FNDA:0,(anonymous_17)
FNDA:0,(anonymous_18)
FNDA:0,(anonymous_19)
FNDA:0,(anonymous_20)
FNDA:0,(anonymous_21)
FNDA:0,(anonymous_22)
FNDA:0,(anonymous_23)
FNDA:0,(anonymous_24)
FNDA:0,(anonymous_25)
FNDA:0,(anonymous_26)
FNDA:0,(anonymous_27)
FNDA:0,(anonymous_28)
FNDA:0,(anonymous_29)
FNDA:0,(anonymous_30)
FNDA:0,(anonymous_31)
FNDA:0,(anonymous_32)
FNDA:0,(anonymous_33)
FNDA:0,useSimpleMultiChainAuth
DA:1,0
DA:12,0
DA:54,0
DA:62,0
DA:70,0
DA:73,0
DA:74,0
DA:75,0
DA:78,0
DA:79,0
DA:81,0
DA:83,0
DA:84,0
DA:92,0
DA:102,0
DA:103,0
DA:104,0
DA:109,0
DA:110,0
DA:111,0
DA:112,0
DA:114,0
DA:119,0
DA:120,0
DA:121,0
DA:122,0
DA:124,0
DA:125,0
DA:130,0
DA:131,0
DA:132,0
DA:133,0
DA:135,0
DA:136,0
DA:141,0
DA:142,0
DA:143,0
DA:144,0
DA:146,0
DA:147,0
DA:148,0
DA:159,0
DA:160,0
DA:161,0
DA:162,0
DA:164,0
DA:165,0
DA:170,0
DA:171,0
DA:172,0
DA:173,0
DA:175,0
DA:176,0
DA:181,0
DA:182,0
DA:186,0
DA:187,0
DA:191,0
DA:192,0
DA:196,0
DA:197,0
DA:198,0
DA:199,0
DA:201,0
DA:206,0
DA:207,0
DA:211,0
DA:212,0
DA:213,0
DA:214,0
DA:217,0
DA:218,0
DA:222,0
DA:223,0
DA:224,0
DA:225,0
DA:230,0
DA:260,0
DA:277,0
DA:278,0
DA:279,0
DA:281,0
DA:292,0
DA:298,0
LF:84
LH:0
BRDA:58,0,0,0
BRDA:59,1,0,0
BRDA:81,2,0,0
BRDA:81,2,1,0
BRDA:81,3,0,0
BRDA:81,3,1,0
BRDA:83,4,0,0
BRDA:83,4,1,0
BRDA:83,5,0,0
BRDA:83,5,1,0
BRDA:103,6,0,0
BRDA:103,6,1,0
BRDA:103,7,0,0
BRDA:103,7,1,0
BRDA:103,7,2,0
BRDA:147,8,0,0
BRDA:147,8,1,0
BRDA:223,9,0,0
BRDA:223,9,1,0
BRDA:223,10,0,0
BRDA:223,10,1,0
BRDA:223,10,2,0
BRDA:224,11,0,0
BRDA:224,11,1,0
BRDA:277,12,0,0
BRDA:277,12,1,0
BRDA:278,13,0,0
BRDA:278,13,1,0
BRDA:279,14,0,0
BRDA:279,14,1,0
BRDA:279,15,0,0
BRDA:279,15,1,0
BRF:32
BRH:0
end_of_record
TN:
SF:src/hooks/useNEARLogin.ts
FN:5,(anonymous_7)
FN:26,(anonymous_8)
FN:29,(anonymous_9)
FN:35,(anonymous_10)
FN:42,(anonymous_11)
FN:42,(anonymous_12)
FN:51,(anonymous_13)
FN:51,(anonymous_14)
FN:60,(anonymous_15)
FN:60,(anonymous_16)
FN:69,(anonymous_17)
FN:69,(anonymous_18)
FN:78,(anonymous_19)
FN:78,(anonymous_20)
FN:87,(anonymous_21)
FN:87,(anonymous_22)
FN:97,(anonymous_23)
FN:101,(anonymous_24)
FN:105,(anonymous_25)
FNF:19
FNH:0
FNDA:0,(anonymous_7)
FNDA:0,(anonymous_8)
FNDA:0,(anonymous_9)
FNDA:0,(anonymous_10)
FNDA:0,(anonymous_11)
FNDA:0,(anonymous_12)
FNDA:0,(anonymous_13)
FNDA:0,(anonymous_14)
FNDA:0,(anonymous_15)
FNDA:0,(anonymous_16)
FNDA:0,(anonymous_17)
FNDA:0,(anonymous_18)
FNDA:0,(anonymous_19)
FNDA:0,(anonymous_20)
FNDA:0,(anonymous_21)
FNDA:0,(anonymous_22)
FNDA:0,(anonymous_23)
FNDA:0,(anonymous_24)
FNDA:0,(anonymous_25)
DA:1,0
DA:2,0
DA:5,0
DA:23,0
DA:26,0
DA:29,0
DA:30,0
DA:31,0
DA:35,0
DA:36,0
DA:37,0
DA:42,0
DA:43,0
DA:44,0
DA:46,0
DA:47,0
DA:51,0
DA:52,0
DA:53,0
DA:55,0
DA:56,0
DA:60,0
DA:61,0
DA:62,0
DA:64,0
DA:65,0
DA:69,0
DA:70,0
DA:71,0
DA:73,0
DA:74,0
DA:78,0
DA:79,0
DA:80,0
DA:82,0
DA:83,0
DA:87,0
DA:88,0
DA:89,0
DA:91,0
DA:92,0
DA:97,0
DA:98,0
DA:101,0
DA:102,0
DA:105,0
DA:106,0
DA:109,0
DA:140,0
LF:49
LH:0
BRDA:26,0,0,0
BRDA:26,0,1,0
BRDA:30,1,0,0
BRDA:30,1,1,0
BRDA:31,2,0,0
BRDA:31,2,1,0
BRDA:31,2,2,0
BRDA:36,3,0,0
BRDA:36,3,1,0
BRDA:36,4,0,0
BRDA:36,4,1,0
BRDA:36,4,2,0
BRDA:98,5,0,0
BRDA:98,5,1,0
BRDA:98,6,0,0
BRDA:98,6,1,0
BRDA:98,7,0,0
BRDA:98,7,1,0
BRDA:102,8,0,0
BRDA:102,8,1,0
BRDA:102,9,0,0
BRDA:102,9,1,0
BRDA:102,10,0,0
BRDA:102,10,1,0
BRDA:106,11,0,0
BRDA:106,11,1,0
BRDA:106,12,0,0
BRDA:106,12,1,0
BRDA:106,13,0,0
BRDA:106,13,1,0
BRF:30
BRH:0
end_of_record
TN:
SF:src/store/auth.ts
FN:50,(anonymous_7)
FN:67,(anonymous_8)
FN:71,(anonymous_9)
FN:71,(anonymous_10)
FN:164,(anonymous_11)
FN:164,(anonymous_12)
FN:217,(anonymous_13)
FN:217,(anonymous_14)
FN:330,(anonymous_15)
FN:330,(anonymous_16)
FN:357,(anonymous_17)
FN:357,(anonymous_18)
FN:406,(anonymous_19)
FN:406,(anonymous_20)
FN:429,(anonymous_21)
FN:429,(anonymous_22)
FN:446,(anonymous_23)
FN:446,(anonymous_24)
FN:469,(anonymous_25)
FN:469,(anonymous_26)
FN:486,(anonymous_27)
FN:486,(anonymous_28)
FN:516,(anonymous_29)
FN:517,(anonymous_30)
FN:517,(anonymous_31)
FN:520,(anonymous_32)
FN:537,(anonymous_33)
FNF:27
FNH:0
FNDA:0,(anonymous_7)
FNDA:0,(anonymous_8)
FNDA:0,(anonymous_9)
FNDA:0,(anonymous_10)
FNDA:0,(anonymous_11)
FNDA:0,(anonymous_12)
FNDA:0,(anonymous_13)
FNDA:0,(anonymous_14)
FNDA:0,(anonymous_15)
FNDA:0,(anonymous_16)
FNDA:0,(anonymous_17)
FNDA:0,(anonymous_18)
FNDA:0,(anonymous_19)
FNDA:0,(anonymous_20)
FNDA:0,(anonymous_21)
FNDA:0,(anonymous_22)
FNDA:0,(anonymous_23)
FNDA:0,(anonymous_24)
FNDA:0,(anonymous_25)
FNDA:0,(anonymous_26)
FNDA:0,(anonymous_27)
FNDA:0,(anonymous_28)
FNDA:0,(anonymous_29)
FNDA:0,(anonymous_30)
FNDA:0,(anonymous_31)
FNDA:0,(anonymous_32)
FNDA:0,(anonymous_33)
DA:1,0
DA:2,0
DA:3,0
DA:5,0
DA:6,0
DA:7,0
DA:17,0
DA:25,0
DA:49,0
DA:50,0
DA:68,0
DA:71,0
DA:72,0
DA:73,0
DA:75,0
DA:76,0
DA:79,0
DA:88,0
DA:89,0
DA:90,0
DA:100,0
DA:104,0
DA:105,0
DA:111,0
DA:114,0
DA:124,0
DA:129,0
DA:138,0
DA:139,0
DA:141,0
DA:142,0
DA:143,0
DA:145,0
DA:149,0
DA:150,0
DA:151,0
DA:156,0
DA:164,0
DA:165,0
DA:166,0
DA:168,0
DA:169,0
DA:170,0
DA:171,0
DA:172,0
DA:173,0
DA:183,0
DA:194,0
DA:204,0
DA:205,0
DA:217,0
DA:218,0
DA:219,0
DA:221,0
DA:222,0
DA:225,0
DA:226,0
DA:227,0
DA:230,0
DA:231,0
DA:236,0
DA:240,0
DA:241,0
DA:244,0
DA:245,0
DA:247,0
DA:248,0
DA:251,0
DA:257,0
DA:259,0
DA:266,0
DA:267,0
DA:277,0
DA:284,0
DA:288,0
DA:290,0
DA:292,0
DA:302,0
DA:310,0
DA:322,0
DA:323,0
DA:330,0
DA:331,0
DA:332,0
DA:333,0
DA:338,0
DA:341,0
DA:342,0
DA:343,0
DA:345,0
DA:346,0
DA:347,0
DA:349,0
DA:357,0
DA:358,0
DA:359,0
DA:361,0
DA:363,0
DA:364,0
DA:368,0
DA:369,0
DA:371,0
DA:381,0
DA:388,0
DA:390,0
DA:391,0
DA:394,0
DA:406,0
DA:407,0
DA:408,0
DA:409,0
DA:414,0
DA:417,0
DA:418,0
DA:420,0
DA:422,0
DA:429,0
DA:430,0
DA:434,0
DA:435,0
DA:436,0
DA:438,0
DA:446,0
DA:447,0
DA:448,0
DA:449,0
DA:454,0
DA:457,0
DA:458,0
DA:460,0
DA:462,0
DA:469,0
DA:470,0
DA:474,0
DA:475,0
DA:476,0
DA:478,0
DA:486,0
DA:487,0
DA:488,0
DA:490,0
DA:491,0
DA:497,0
DA:499,0
DA:506,0
DA:507,0
DA:514,0
DA:515,0
DA:516,0
DA:517,0
DA:518,0
DA:520,0
DA:521,0
DA:523,0
DA:524,0
DA:525,0
DA:527,0
DA:537,0
LF:158
LH:0
BRDA:73,0,0,0
BRDA:73,0,1,0
BRDA:80,1,0,0
BRDA:80,1,1,0
BRDA:80,2,0,0
BRDA:80,2,1,0
BRDA:81,3,0,0
BRDA:81,3,1,0
BRDA:81,4,0,0
BRDA:81,4,1,0
BRDA:83,5,0,0
BRDA:83,5,1,0
BRDA:83,6,0,0
BRDA:83,6,1,0
BRDA:89,7,0,0
BRDA:89,7,1,0
BRDA:89,8,0,0
BRDA:89,8,1,0
BRDA:96,9,0,0
BRDA:96,9,1,0
BRDA:104,10,0,0
BRDA:104,10,1,0
BRDA:104,11,0,0
BRDA:104,11,1,0
BRDA:104,12,0,0
BRDA:104,12,1,0
BRDA:125,13,0,0
BRDA:125,13,1,0
BRDA:125,14,0,0
BRDA:125,14,1,0
BRDA:125,15,0,0
BRDA:125,15,1,0
BRDA:126,16,0,0
BRDA:126,16,1,0
BRDA:126,17,0,0
BRDA:126,17,1,0
BRDA:126,18,0,0
BRDA:126,18,1,0
BRDA:141,19,0,0
BRDA:141,19,1,0
BRDA:150,20,0,0
BRDA:150,20,1,0
BRDA:156,21,0,0
BRDA:156,21,1,0
BRDA:156,22,0,0
BRDA:156,22,1,0
BRDA:166,23,0,0
BRDA:166,23,1,0
BRDA:166,24,0,0
BRDA:166,24,1,0
BRDA:170,25,0,0
BRDA:170,25,1,0
BRDA:172,26,0,0
BRDA:172,26,1,0
BRDA:179,27,0,0
BRDA:179,27,1,0
BRDA:212,28,0,0
BRDA:212,28,1,0
BRDA:219,29,0,0
BRDA:219,29,1,0
BRDA:219,30,0,0
BRDA:219,30,1,0
BRDA:219,30,2,0
BRDA:219,30,3,0
BRDA:225,31,0,0
BRDA:225,31,1,0
BRDA:230,32,0,0
BRDA:230,32,1,0
BRDA:236,33,0,0
BRDA:236,33,1,0
BRDA:236,34,0,0
BRDA:236,34,1,0
BRDA:236,35,0,0
BRDA:236,35,1,0
BRDA:240,36,0,0
BRDA:240,36,1,0
BRDA:240,37,0,0
BRDA:240,37,1,0
BRDA:240,38,0,0
BRDA:240,38,1,0
BRDA:241,39,0,0
BRDA:241,39,1,0
BRDA:244,40,0,0
BRDA:244,40,1,0
BRDA:257,41,0,0
BRDA:257,41,1,0
BRDA:266,42,0,0
BRDA:266,42,1,0
BRDA:277,43,0,0
BRDA:277,43,1,0
BRDA:277,44,0,0
BRDA:277,44,1,0
BRDA:279,45,0,0
BRDA:279,45,1,0
BRDA:279,46,0,0
BRDA:279,46,1,0
BRDA:280,47,0,0
BRDA:280,47,1,0
BRDA:302,48,0,0
BRDA:302,48,1,0
BRDA:302,49,0,0
BRDA:302,49,1,0
BRDA:332,50,0,0
BRDA:332,50,1,0
BRDA:333,51,0,0
BRDA:333,51,1,0
BRDA:333,52,0,0
BRDA:333,52,1,0
BRDA:346,53,0,0
BRDA:346,53,1,0
BRDA:349,54,0,0
BRDA:349,54,1,0
BRDA:349,55,0,0
BRDA:349,55,1,0
BRDA:359,56,0,0
BRDA:359,56,1,0
BRDA:363,57,0,0
BRDA:363,57,1,0
BRDA:381,58,0,0
BRDA:381,58,1,0
BRDA:381,59,0,0
BRDA:381,59,1,0
BRDA:390,60,0,0
BRDA:390,60,1,0
BRDA:408,61,0,0
BRDA:408,61,1,0
BRDA:408,62,0,0
BRDA:408,62,1,0
BRDA:408,62,2,0
BRDA:408,62,3,0
BRDA:409,63,0,0
BRDA:409,63,1,0
BRDA:409,64,0,0
BRDA:409,64,1,0
BRDA:422,65,0,0
BRDA:422,65,1,0
BRDA:422,66,0,0
BRDA:422,66,1,0
BRDA:435,67,0,0
BRDA:435,67,1,0
BRDA:438,68,0,0
BRDA:438,68,1,0
BRDA:438,69,0,0
BRDA:438,69,1,0
BRDA:448,70,0,0
BRDA:448,70,1,0
BRDA:448,71,0,0
BRDA:448,71,1,0
BRDA:448,71,2,0
BRDA:448,71,3,0
BRDA:449,72,0,0
BRDA:449,72,1,0
BRDA:449,73,0,0
BRDA:449,73,1,0
BRDA:462,74,0,0
BRDA:462,74,1,0
BRDA:462,75,0,0
BRDA:462,75,1,0
BRDA:475,76,0,0
BRDA:475,76,1,0
BRDA:478,77,0,0
BRDA:478,77,1,0
BRDA:478,78,0,0
BRDA:478,78,1,0
BRDA:488,79,0,0
BRDA:488,79,1,0
BRDA:488,80,0,0
BRDA:488,80,1,0
BRDA:488,80,2,0
BRDA:488,80,3,0
BRDA:497,81,0,0
BRDA:497,81,1,0
BRDA:497,82,0,0
BRDA:497,82,1,0
BRDA:497,83,0,0
BRDA:497,83,1,0
BRDA:514,84,0,0
BRDA:514,84,1,0
BRDA:518,85,0,0
BRDA:518,85,1,0
BRDA:523,86,0,0
BRDA:523,86,1,0
BRF:182
BRH:0
end_of_record
TN:
SF:src/utils/chain-signature-contract.ts
FN:41,(anonymous_7)
FN:53,(anonymous_8)
FN:73,(anonymous_10)
FN:104,(anonymous_12)
FN:106,(anonymous_14)
FN:135,(anonymous_15)
FN:149,(anonymous_16)
FN:186,(anonymous_17)
FN:204,(anonymous_18)
FN:206,(anonymous_19)
FN:213,(anonymous_20)
FN:224,(anonymous_21)
FN:245,createChainSignatureContract
FNF:13
FNH:13
FNDA:15,(anonymous_7)
FNDA:4,(anonymous_8)
FNDA:4,(anonymous_10)
FNDA:3,(anonymous_12)
FNDA:3,(anonymous_14)
FNDA:2,(anonymous_15)
FNDA:2,(anonymous_16)
FNDA:3,(anonymous_17)
FNDA:3,(anonymous_18)
FNDA:11,(anonymous_19)
FNDA:2,(anonymous_20)
FNDA:1,(anonymous_21)
FNDA:3,createChainSignatureContract
DA:29,1
DA:37,1
DA:46,15
DA:47,15
DA:54,4
DA:56,4
DA:57,4
DA:63,2
DA:65,2
DA:66,2
DA:78,4
DA:80,4
DA:81,4
DA:90,2
DA:91,1
DA:94,1
DA:96,2
DA:97,2
DA:105,3
DA:106,3
DA:130,3
DA:135,2
DA:136,2
DA:139,0
DA:141,3
DA:142,3
DA:150,2
DA:152,2
DA:154,2
DA:155,2
DA:156,2
DA:157,1
DA:158,1
DA:162,2
DA:163,1
DA:164,1
DA:165,1
DA:172,1
DA:173,1
DA:176,0
DA:178,2
DA:179,2
DA:188,3
DA:190,3
DA:191,3
DA:194,0
DA:195,0
DA:196,0
DA:198,0
DA:205,3
DA:206,11
DA:218,2
DA:225,1
DA:226,1
DA:229,0
DA:237,1
DA:245,1
DA:250,3
DA:251,3
LF:59
LH:52
BRDA:90,0,0,1
BRDA:90,0,1,1
BRDA:120,1,0,1
BRDA:120,1,1,2
BRDA:152,2,0,2
BRDA:152,2,1,0
BRDA:152,3,0,0
BRDA:152,3,1,2
BRDA:152,4,0,2
BRDA:152,4,1,2
BRDA:152,5,0,0
BRDA:152,5,1,2
BRDA:152,6,0,2
BRDA:152,6,1,2
BRDA:157,7,0,1
BRDA:157,7,1,0
BRDA:162,8,0,1
BRDA:162,8,1,1
BRDA:164,9,0,1
BRDA:164,9,1,0
BRDA:172,10,0,1
BRDA:172,10,1,0
BRDA:188,11,0,0
BRDA:188,11,1,3
BRDA:190,12,0,3
BRDA:190,12,1,0
BRDA:216,13,0,1
BRDA:225,14,0,1
BRDA:225,14,1,0
BRDA:250,15,0,3
BRDA:250,15,1,2
BRF:31
BRH:22
end_of_record
TN:
SF:src/utils/multi-chain-auth.ts
FN:43,(anonymous_7)
FN:88,(anonymous_8)
FN:97,(anonymous_9)
FN:146,(anonymous_11)
FN:187,(anonymous_13)
FN:199,(anonymous_15)
FN:205,(anonymous_16)
FN:233,(anonymous_17)
FN:234,(anonymous_18)
FN:269,(anonymous_19)
FN:309,(anonymous_20)
FN:310,(anonymous_21)
FN:332,(anonymous_22)
FN:335,(anonymous_23)
FN:338,(anonymous_24)
FN:347,(anonymous_25)
FN:354,(anonymous_26)
FN:368,(anonymous_27)
FN:375,(anonymous_28)
FN:382,(anonymous_29)
FN:389,(anonymous_30)
FN:391,(anonymous_32)
FN:408,(anonymous_33)
FN:415,(anonymous_35)
FN:433,(anonymous_36)
FN:466,(anonymous_38)
FN:491,(anonymous_39)
FN:499,(anonymous_40)
FNF:28
FNH:0
FNDA:0,(anonymous_7)
FNDA:0,(anonymous_8)
FNDA:0,(anonymous_9)
FNDA:0,(anonymous_11)
FNDA:0,(anonymous_13)
FNDA:0,(anonymous_15)
FNDA:0,(anonymous_16)
FNDA:0,(anonymous_17)
FNDA:0,(anonymous_18)
FNDA:0,(anonymous_19)
FNDA:0,(anonymous_20)
FNDA:0,(anonymous_21)
FNDA:0,(anonymous_22)
FNDA:0,(anonymous_23)
FNDA:0,(anonymous_24)
FNDA:0,(anonymous_25)
FNDA:0,(anonymous_26)
FNDA:0,(anonymous_27)
FNDA:0,(anonymous_28)
FNDA:0,(anonymous_29)
FNDA:0,(anonymous_30)
FNDA:0,(anonymous_32)
FNDA:0,(anonymous_33)
FNDA:0,(anonymous_35)
FNDA:0,(anonymous_36)
FNDA:0,(anonymous_38)
FNDA:0,(anonymous_39)
FNDA:0,(anonymous_40)
DA:13,0
DA:17,0
DA:22,0
DA:31,0
DA:51,0
DA:60,0
DA:61,0
DA:62,0
DA:65,0
DA:72,0
DA:75,0
DA:78,0
DA:87,0
DA:88,0
DA:89,0
DA:90,0
DA:98,0
DA:99,0
DA:102,0
DA:103,0
DA:105,0
DA:106,0
DA:107,0
DA:109,0
DA:113,0
DA:117,0
DA:118,0
DA:120,0
DA:121,0
DA:122,0
DA:125,0
DA:131,0
DA:138,0
DA:139,0
DA:147,0
DA:148,0
DA:150,0
DA:151,0
DA:153,0
DA:154,0
DA:157,0
DA:158,0
DA:161,0
DA:162,0
DA:163,0
DA:166,0
DA:167,0
DA:169,0
DA:171,0
DA:179,0
DA:180,0
DA:188,0
DA:189,0
DA:190,0
DA:192,0
DA:193,0
DA:196,0
DA:199,0
DA:202,0
DA:205,0
DA:206,0
DA:209,0
DA:210,0
DA:213,0
DA:214,0
DA:216,0
DA:218,0
DA:225,0
DA:226,0
DA:234,0
DA:237,0
DA:238,0
DA:240,0
DA:241,0
DA:242,0
DA:245,0
DA:246,0
DA:248,0
DA:249,0
DA:252,0
DA:253,0
DA:258,0
DA:259,0
DA:260,0
DA:263,0
DA:269,0
DA:273,0
DA:274,0
DA:277,0
DA:278,0
DA:287,0
DA:288,0
DA:289,0
DA:291,0
DA:293,0
DA:301,0
DA:302,0
DA:310,0
DA:313,0
DA:316,0
DA:317,0
DA:318,0
DA:319,0
DA:321,0
DA:326,0
DA:333,0
DA:335,0
DA:338,0
DA:339,0
DA:341,0
DA:348,0
DA:355,0
DA:357,0
DA:358,0
DA:361,0
DA:362,0
DA:369,0
DA:376,0
DA:383,0
DA:391,0
DA:392,0
DA:393,0
DA:396,0
DA:397,0
DA:400,0
DA:402,0
DA:409,0
DA:412,0
DA:413,0
DA:415,0
DA:416,0
DA:420,0
DA:421,0
DA:422,0
DA:425,0
DA:434,0
DA:436,0
DA:437,0
DA:438,0
DA:440,0
DA:442,0
DA:457,0
DA:459,0
DA:467,0
DA:468,0
DA:474,0
DA:477,0
DA:478,0
DA:484,0
DA:492,0
DA:493,0
DA:500,0
DA:501,0
LF:153
LH:0
BRDA:103,0,0,0
BRDA:103,0,1,0
BRDA:103,1,0,0
BRDA:103,1,1,0
BRDA:105,2,0,0
BRDA:105,2,1,0
BRDA:106,3,0,0
BRDA:106,3,1,0
BRDA:107,4,0,0
BRDA:107,4,1,0
BRDA:120,5,0,0
BRDA:120,5,1,0
BRDA:133,6,0,0
BRDA:133,6,1,0
BRDA:135,7,0,0
BRDA:135,7,1,0
BRDA:153,8,0,0
BRDA:153,8,1,0
BRDA:162,9,0,0
BRDA:162,9,1,0
BRDA:173,10,0,0
BRDA:173,10,1,0
BRDA:176,11,0,0
BRDA:176,11,1,0
BRDA:192,12,0,0
BRDA:192,12,1,0
BRDA:209,13,0,0
BRDA:209,13,1,0
BRDA:209,14,0,0
BRDA:209,14,1,0
BRDA:220,15,0,0
BRDA:220,15,1,0
BRDA:222,16,0,0
BRDA:222,16,1,0
BRDA:235,17,0,0
BRDA:241,18,0,0
BRDA:241,18,1,0
BRDA:248,19,0,0
BRDA:248,19,1,0
BRDA:253,20,0,0
BRDA:253,20,1,0
BRDA:260,21,0,0
BRDA:260,21,1,0
BRDA:273,22,0,0
BRDA:273,22,1,0
BRDA:295,23,0,0
BRDA:295,23,1,0
BRDA:298,24,0,0
BRDA:298,24,1,0
BRDA:311,25,0,0
BRDA:333,26,0,0
BRDA:333,26,1,0
BRDA:333,27,0,0
BRDA:333,27,1,0
BRDA:339,28,0,0
BRDA:339,28,1,0
BRDA:357,29,0,0
BRDA:357,29,1,0
BRDA:376,30,0,0
BRDA:376,30,1,0
BRDA:383,31,0,0
BRDA:383,31,1,0
BRDA:409,32,0,0
BRDA:409,32,1,0
BRDA:421,33,0,0
BRDA:421,33,1,0
BRDA:421,34,0,0
BRDA:421,34,1,0
BRDA:434,35,0,0
BRDA:434,35,1,0
BRDA:440,36,0,0
BRDA:440,36,1,0
BRDA:445,37,0,0
BRDA:445,37,1,0
BRDA:467,38,0,0
BRDA:467,38,1,0
BRDA:477,39,0,0
BRDA:477,39,1,0
BRDA:477,40,0,0
BRDA:477,40,1,0
BRDA:493,41,0,0
BRDA:493,41,1,0
BRDA:493,42,0,0
BRDA:493,42,1,0
BRDA:501,43,0,0
BRDA:501,43,1,0
BRDA:501,44,0,0
BRDA:501,44,1,0
BRF:88
BRH:0
end_of_record
TN:
SF:src/utils/multi-chain-deriver.ts
FN:25,(anonymous_7)
FN:33,(anonymous_8)
FN:77,(anonymous_10)
FN:85,(anonymous_12)
FN:85,(anonymous_13)
FN:102,(anonymous_14)
FN:142,(anonymous_16)
FN:182,(anonymous_17)
FN:205,(anonymous_18)
FN:219,(anonymous_19)
FN:234,(anonymous_20)
FN:254,(anonymous_21)
FN:271,(anonymous_22)
FN:280,(anonymous_23)
FN:300,(anonymous_24)
FN:315,(anonymous_25)
FN:323,(anonymous_26)
FN:330,(anonymous_27)
FNF:18
FNH:0
FNDA:0,(anonymous_7)
FNDA:0,(anonymous_8)
FNDA:0,(anonymous_10)
FNDA:0,(anonymous_12)
FNDA:0,(anonymous_13)
FNDA:0,(anonymous_14)
FNDA:0,(anonymous_16)
FNDA:0,(anonymous_17)
FNDA:0,(anonymous_18)
FNDA:0,(anonymous_19)
FNDA:0,(anonymous_20)
FNDA:0,(anonymous_21)
FNDA:0,(anonymous_22)
FNDA:0,(anonymous_23)
FNDA:0,(anonymous_24)
FNDA:0,(anonymous_25)
FNDA:0,(anonymous_26)
FNDA:0,(anonymous_27)
DA:1,0
DA:2,0
DA:3,0
DA:4,0
DA:5,0
DA:7,0
DA:21,0
DA:26,0
DA:27,0
DA:38,0
DA:40,0
DA:41,0
DA:42,0
DA:43,0
DA:47,0
DA:48,0
DA:49,0
DA:56,0
DA:62,0
DA:69,0
DA:70,0
DA:81,0
DA:84,0
DA:85,0
DA:86,0
DA:87,0
DA:88,0
DA:90,0
DA:96,0
DA:107,0
DA:109,0
DA:111,0
DA:114,0
DA:117,0
DA:120,0
DA:123,0
DA:126,0
DA:129,0
DA:132,0
DA:135,0
DA:143,0
DA:145,0
DA:146,0
DA:151,0
DA:153,0
DA:154,0
DA:155,0
DA:156,0
DA:158,0
DA:159,0
DA:161,0
DA:163,0
DA:167,0
DA:170,0
DA:173,0
DA:175,0
DA:183,0
DA:184,0
DA:187,0
DA:192,0
DA:193,0
DA:196,0
DA:198,0
DA:206,0
DA:208,0
DA:209,0
DA:210,0
DA:212,0
DA:220,0
DA:221,0
DA:224,0
DA:225,0
DA:227,0
DA:235,0
DA:236,0
DA:237,0
DA:240,0
DA:241,0
DA:244,0
DA:245,0
DA:247,0
DA:255,0
DA:256,0
DA:259,0
DA:260,0
DA:262,0
DA:264,0
DA:274,0
DA:281,0
DA:282,0
DA:285,0
DA:286,0
DA:287,0
DA:290,0
DA:291,0
DA:293,0
DA:301,0
DA:309,0
DA:316,0
DA:317,0
DA:324,0
DA:331,0
DA:332,0
DA:333,0
DA:335,0
DA:337,0
DA:341,0
DA:345,0
DA:349,0
DA:353,0
DA:356,0
DA:360,0
DA:363,0
DA:366,0
DA:374,0
DA:468,0
LF:116
LH:0
BRDA:38,0,0,0
BRDA:38,0,1,0
BRDA:42,1,0,0
BRDA:42,1,1,0
BRDA:70,2,0,0
BRDA:70,2,1,0
BRDA:109,3,0,0
BRDA:109,3,1,0
BRDA:109,3,2,0
BRDA:109,3,3,0
BRDA:109,3,4,0
BRDA:109,3,5,0
BRDA:109,3,6,0
BRDA:109,3,7,0
BRDA:109,3,8,0
BRDA:151,4,0,0
BRDA:151,4,1,0
BRDA:156,5,0,0
BRDA:156,5,1,0
BRDA:159,6,0,0
BRDA:159,6,1,0
BRDA:175,7,0,0
BRDA:175,7,1,0
BRDA:192,8,0,0
BRDA:192,8,1,0
BRDA:198,9,0,0
BRDA:198,9,1,0
BRDA:212,10,0,0
BRDA:212,10,1,0
BRDA:227,11,0,0
BRDA:227,11,1,0
BRDA:247,12,0,0
BRDA:247,12,1,0
BRDA:264,13,0,0
BRDA:264,13,1,0
BRDA:293,14,0,0
BRDA:293,14,1,0
BRDA:309,15,0,0
BRDA:309,15,1,0
BRDA:324,16,0,0
BRDA:324,16,1,0
BRDA:333,17,0,0
BRDA:333,17,1,0
BRDA:335,18,0,0
BRDA:335,18,1,0
BRDA:335,18,2,0
BRDA:335,18,3,0
BRDA:335,18,4,0
BRDA:335,18,5,0
BRDA:335,18,6,0
BRDA:335,18,7,0
BRDA:335,18,8,0
BRF:52
BRH:0
end_of_record
TN:
SF:src/utils/near.ts
FN:21,(anonymous_7)
FN:31,(anonymous_8)
FN:40,(anonymous_9)
FN:64,(anonymous_10)
FN:64,(anonymous_11)
FN:73,(anonymous_12)
FN:77,(anonymous_13)
FN:115,(anonymous_14)
FN:120,(anonymous_15)
FN:133,(anonymous_16)
FN:138,(anonymous_17)
FN:151,(anonymous_18)
FN:156,(anonymous_19)
FN:169,(anonymous_20)
FN:173,(anonymous_21)
FN:174,(anonymous_22)
FNF:16
FNH:0
FNDA:0,(anonymous_7)
FNDA:0,(anonymous_8)
FNDA:0,(anonymous_9)
FNDA:0,(anonymous_10)
FNDA:0,(anonymous_11)
FNDA:0,(anonymous_12)
FNDA:0,(anonymous_13)
FNDA:0,(anonymous_14)
FNDA:0,(anonymous_15)
FNDA:0,(anonymous_16)
FNDA:0,(anonymous_17)
FNDA:0,(anonymous_18)
FNDA:0,(anonymous_19)
FNDA:0,(anonymous_20)
FNDA:0,(anonymous_21)
FNDA:0,(anonymous_22)
DA:2,0
DA:4,0
DA:21,0
DA:22,0
DA:23,0
DA:24,0
DA:26,0
DA:27,0
DA:31,0
DA:32,0
DA:33,0
DA:35,0
DA:36,0
DA:40,0
DA:45,0
DA:46,0
DA:47,0
DA:49,0
DA:50,0
DA:53,0
DA:54,0
DA:57,0
DA:58,0
DA:61,0
DA:64,0
DA:65,0
DA:73,0
DA:77,0
DA:78,0
DA:79,0
DA:82,0
DA:88,0
DA:94,0
DA:100,0
DA:110,0
DA:111,0
DA:115,0
DA:120,0
DA:121,0
DA:122,0
DA:124,0
DA:133,0
DA:138,0
DA:139,0
DA:140,0
DA:142,0
DA:151,0
DA:156,0
DA:157,0
DA:158,0
DA:160,0
DA:169,0
DA:170,0
DA:173,0
DA:174,0
LF:55
LH:0
BRDA:33,0,0,0
BRDA:33,0,1,0
BRDA:47,1,0,0
BRDA:47,1,1,0
BRDA:49,2,0,0
BRDA:49,2,1,0
BRDA:49,3,0,0
BRDA:49,3,1,0
BRDA:53,4,0,0
BRDA:53,4,1,0
BRDA:57,5,0,0
BRDA:57,5,1,0
BRDA:102,6,0,0
BRDA:102,6,1,0
BRDA:103,7,0,0
BRDA:103,7,1,0
BRDA:105,8,0,0
BRDA:105,8,1,0
BRDA:106,9,0,0
BRDA:106,9,1,0
BRF:20
BRH:0
end_of_record
TN:
SF:src/utils/session.ts
FN:51,(anonymous_8)
FN:82,(anonymous_9)
FN:92,(anonymous_10)
FN:95,(anonymous_11)
FN:99,(anonymous_12)
FN:104,(anonymous_13)
FN:107,(anonymous_14)
FN:112,(anonymous_15)
FN:119,(anonymous_16)
FN:132,(anonymous_17)
FN:149,(anonymous_18)
FN:157,(anonymous_19)
FN:162,(anonymous_20)
FN:175,(anonymous_21)
FN:207,(anonymous_22)
FN:235,(anonymous_23)
FN:247,(anonymous_24)
FN:252,(anonymous_25)
FN:256,(anonymous_26)
FN:287,(anonymous_27)
FN:364,(anonymous_28)
FN:368,(anonymous_29)
FN:388,(anonymous_30)
FN:403,(anonymous_31)
FN:414,(anonymous_32)
FN:437,(anonymous_34)
FNF:26
FNH:0
FNDA:0,(anonymous_8)
FNDA:0,(anonymous_9)
FNDA:0,(anonymous_10)
FNDA:0,(anonymous_11)
FNDA:0,(anonymous_12)
FNDA:0,(anonymous_13)
FNDA:0,(anonymous_14)
FNDA:0,(anonymous_15)
FNDA:0,(anonymous_16)
FNDA:0,(anonymous_17)
FNDA:0,(anonymous_18)
FNDA:0,(anonymous_19)
FNDA:0,(anonymous_20)
FNDA:0,(anonymous_21)
FNDA:0,(anonymous_22)
FNDA:0,(anonymous_23)
FNDA:0,(anonymous_24)
FNDA:0,(anonymous_25)
FNDA:0,(anonymous_26)
FNDA:0,(anonymous_27)
FNDA:0,(anonymous_28)
FNDA:0,(anonymous_29)
FNDA:0,(anonymous_30)
FNDA:0,(anonymous_31)
FNDA:0,(anonymous_32)
FNDA:0,(anonymous_34)
DA:3,0
DA:5,0
DA:6,0
DA:17,0
DA:33,0
DA:34,0
DA:38,0
DA:39,0
DA:43,0
DA:44,0
DA:48,0
DA:52,0
DA:54,0
DA:55,0
DA:56,0
DA:57,0
DA:58,0
DA:59,0
DA:60,0
DA:63,0
DA:73,0
DA:74,0
DA:76,0
DA:77,0
DA:78,0
DA:83,0
DA:84,0
DA:85,0
DA:86,0
DA:87,0
DA:89,0
DA:93,0
DA:95,0
DA:96,0
DA:99,0
DA:100,0
DA:105,0
DA:107,0
DA:108,0
DA:113,0
DA:114,0
DA:115,0
DA:120,0
DA:124,0
DA:125,0
DA:126,0
DA:127,0
DA:129,0
DA:133,0
DA:135,0
DA:136,0
DA:137,0
DA:138,0
DA:139,0
DA:140,0
DA:142,0
DA:144,0
DA:145,0
DA:152,0
DA:153,0
DA:154,0
DA:158,0
DA:159,0
DA:163,0
DA:165,0
DA:166,0
DA:170,0
DA:171,0
DA:176,0
DA:177,0
DA:178,0
DA:180,0
DA:181,0
DA:190,0
DA:191,0
DA:193,0
DA:196,0
DA:197,0
DA:200,0
DA:202,0
DA:203,0
DA:208,0
DA:209,0
DA:210,0
DA:212,0
DA:213,0
DA:215,0
DA:216,0
DA:218,0
DA:221,0
DA:222,0
DA:223,0
DA:224,0
DA:227,0
DA:229,0
DA:230,0
DA:231,0
DA:236,0
DA:237,0
DA:238,0
DA:239,0
DA:241,0
DA:243,0
DA:248,0
DA:249,0
DA:253,0
DA:262,0
DA:263,0
DA:283,0
DA:284,0
DA:288,0
DA:291,0
DA:292,0
DA:293,0
DA:305,0
DA:306,0
DA:307,0
DA:319,0
DA:320,0
DA:321,0
DA:333,0
DA:334,0
DA:335,0
DA:336,0
DA:348,0
DA:349,0
DA:350,0
DA:361,0
DA:365,0
DA:371,0
DA:372,0
DA:374,0
DA:375,0
DA:377,0
DA:378,0
DA:385,0
DA:389,0
DA:390,0
DA:393,0
DA:396,0
DA:397,0
DA:400,0
DA:404,0
DA:407,0
DA:408,0
DA:409,0
DA:410,0
DA:415,0
DA:417,0
DA:418,0
DA:419,0
DA:421,0
DA:430,0
DA:432,0
DA:433,0
DA:438,0
DA:439,0
DA:444,0
LF:158
LH:0
BRDA:15,0,0,0
BRDA:18,1,0,0
BRDA:18,1,1,0
BRDA:18,1,2,0
BRDA:19,2,0,0
BRDA:19,2,1,0
BRDA:21,3,0,0
BRDA:21,3,1,0
BRDA:22,4,0,0
BRDA:22,4,1,0
BRDA:24,5,0,0
BRDA:24,5,1,0
BRDA:27,6,0,0
BRDA:27,6,1,0
BRDA:28,7,0,0
BRDA:28,7,1,0
BRDA:33,8,0,0
BRDA:33,8,1,0
BRDA:38,9,0,0
BRDA:38,9,1,0
BRDA:43,10,0,0
BRDA:43,10,1,0
BRDA:52,11,0,0
BRDA:52,11,1,0
BRDA:57,12,0,0
BRDA:57,12,1,0
BRDA:69,13,0,0
BRDA:69,13,1,0
BRDA:93,14,0,0
BRDA:93,14,1,0
BRDA:105,15,0,0
BRDA:105,15,1,0
BRDA:113,16,0,0
BRDA:113,16,1,0
BRDA:120,17,0,0
BRDA:120,17,1,0
BRDA:133,18,0,0
BRDA:133,18,1,0
BRDA:153,19,0,0
BRDA:153,19,1,0
BRDA:158,20,0,0
BRDA:158,20,1,0
BRDA:159,21,0,0
BRDA:159,21,1,0
BRDA:165,22,0,0
BRDA:165,22,1,0
BRDA:170,23,0,0
BRDA:170,23,1,0
BRDA:178,24,0,0
BRDA:178,24,1,0
BRDA:185,25,0,0
BRDA:185,25,1,0
BRDA:186,26,0,0
BRDA:186,26,1,0
BRDA:187,27,0,0
BRDA:187,27,1,0
BRDA:196,28,0,0
BRDA:196,28,1,0
BRDA:210,29,0,0
BRDA:210,29,1,0
BRDA:213,30,0,0
BRDA:213,30,1,0
BRDA:216,31,0,0
BRDA:216,31,1,0
BRDA:222,32,0,0
BRDA:222,32,1,0
BRDA:238,33,0,0
BRDA:238,33,1,0
BRDA:267,34,0,0
BRDA:267,34,1,0
BRDA:272,35,0,0
BRDA:272,35,1,0
BRDA:273,36,0,0
BRDA:273,36,1,0
BRDA:291,37,0,0
BRDA:291,37,1,0
BRDA:291,38,0,0
BRDA:291,38,1,0
BRDA:292,39,0,0
BRDA:292,39,1,0
BRDA:305,40,0,0
BRDA:305,40,1,0
BRDA:305,41,0,0
BRDA:305,41,1,0
BRDA:306,42,0,0
BRDA:306,42,1,0
BRDA:319,43,0,0
BRDA:319,43,1,0
BRDA:319,44,0,0
BRDA:319,44,1,0
BRDA:320,45,0,0
BRDA:320,45,1,0
BRDA:320,46,0,0
BRDA:320,46,1,0
BRDA:333,47,0,0
BRDA:333,47,1,0
BRDA:333,48,0,0
BRDA:333,48,1,0
BRDA:335,49,0,0
BRDA:335,49,1,0
BRDA:348,50,0,0
BRDA:348,50,1,0
BRDA:348,51,0,0
BRDA:348,51,1,0
BRDA:349,52,0,0
BRDA:349,52,1,0
BRDA:372,53,0,0
BRDA:372,53,1,0
BRDA:377,54,0,0
BRDA:377,54,1,0
BRDA:377,55,0,0
BRDA:377,55,1,0
BRDA:390,56,0,0
BRDA:390,56,1,0
BRDA:396,57,0,0
BRDA:396,57,1,0
BRDA:408,58,0,0
BRDA:408,58,1,0
BRDA:415,59,0,0
BRDA:415,59,1,0
BRDA:419,60,0,0
BRDA:419,60,1,0
BRDA:426,61,0,0
BRDA:426,61,1,0
BRDA:426,62,0,0
BRDA:426,62,1,0
BRF:126
BRH:0
end_of_record
